#
# There is insufficient memory for the Java Runtime Environment to continue.
# Native memory allocation (malloc) failed to allocate 584496 bytes for Chunk::new
# Possible reasons:
#   The system is out of physical RAM or swap space
#   The process is running with CompressedOops enabled, and the Java Heap may be blocking the growth of the native heap
# Possible solutions:
#   Reduce memory load on the system
#   Increase physical memory or swap space
#   Check if swap backing store is full
#   Decrease Java heap size (-Xmx/-Xms)
#   Decrease number of Java threads
#   Decrease Java thread stack sizes (-Xss)
#   Set larger code cache with -XX:ReservedCodeCacheSize=
#   JVM is running with Unscaled Compressed Oops mode in which the Java heap is
#     placed in the first 4GB address space. The Java Heap base address is the
#     maximum limit for the native heap growth. Please use -XX:HeapBaseMinAddress
#     to set the Java Heap base and to place the Java Heap above 4GB virtual address.
# This output file may be truncated or incomplete.
#
#  Out of Memory Error (./open/src/hotspot/share/memory/arena.cpp:195), pid=16780, tid=15612
#
# JRE version: Java(TM) SE Runtime Environment (15.0.1+9) (build 15.0.1+9-18)
# Java VM: Java HotSpot(TM) 64-Bit Server VM (15.0.1+9-18, mixed mode, sharing, tiered, compressed oops, g1 gc, windows-amd64)
# No core dump will be written. Minidumps are not enabled by default on client versions of Windows
#

---------------  S U M M A R Y ------------

Command Line: -Dfile.encoding=Cp1252 --module-path=D:\java\AP4B-Projet\bin;D:\java\AP4B-Projet\lib\JavaFXSmartGraph-0.9.2.jar;D:\java\AP4B-Projet\lib\openjfx-11.0.2_windows-x64_bin-sdk\javafx-sdk-11.0.2\lib\javafx.base.jar;D:\java\AP4B-Projet\lib\openjfx-11.0.2_windows-x64_bin-sdk\javafx-sdk-11.0.2\lib\javafx.controls.jar;D:\java\AP4B-Projet\lib\openjfx-11.0.2_windows-x64_bin-sdk\javafx-sdk-11.0.2\lib\javafx.fxml.jar;D:\java\AP4B-Projet\lib\openjfx-11.0.2_windows-x64_bin-sdk\javafx-sdk-11.0.2\lib\javafx.graphics.jar;D:\java\AP4B-Projet\lib\openjfx-11.0.2_windows-x64_bin-sdk\javafx-sdk-11.0.2\lib\javafx.media.jar;D:\java\AP4B-Projet\lib\openjfx-11.0.2_windows-x64_bin-sdk\javafx-sdk-11.0.2\lib\javafx.swing.jar;D:\java\AP4B-Projet\lib\openjfx-11.0.2_windows-x64_bin-sdk\javafx-sdk-11.0.2\lib\javafx.web.jar;D:\java\AP4B-Projet\lib\openjfx-11.0.2_windows-x64_bin-sdk\javafx-sdk-11.0.2\lib\javafx-swt.jar -XX:+ShowCodeDetailsInExceptionMessages -Djdk.module.main=ap4b ap4b/fr.utbm.ap4b.DisplayManager

Host: AMD Ryzen 7 3700U with Radeon Vega Mobile Gfx  , 8 cores, 6G,  Windows 10 , 64 bit Build 19041 (10.0.19041.546)
Time: Wed Jan  6 15:26:55 2021 Paris, Madrid elapsed time: 9.868275 seconds (0d 0h 0m 9s)

---------------  T H R E A D  ---------------

Current thread (0x000001d3f8fc5e40):  JavaThread "C2 CompilerThread0" daemon [_thread_in_native, id=15612, stack(0x000000358e600000,0x000000358e700000)]


Current CompileTask:
C2:   9868 3252       4       javafx.scene.Parent::updateCachedBounds (502 bytes)

Stack: [0x000000358e600000,0x000000358e700000]
Native frames: (J=compiled Java code, j=interpreted, Vv=VM code, C=native code)
V  [jvm.dll+0x62ae9a]
V  [jvm.dll+0x781389]
V  [jvm.dll+0x782ae3]
V  [jvm.dll+0x783143]
V  [jvm.dll+0x216265]
V  [jvm.dll+0x97efa]
V  [jvm.dll+0x985dc]
V  [jvm.dll+0x32e525]
V  [jvm.dll+0x2f78aa]
V  [jvm.dll+0x2f6c6a]
V  [jvm.dll+0x1ea645]
V  [jvm.dll+0x1e98ae]
V  [jvm.dll+0x1784c7]
V  [jvm.dll+0x1f9165]
V  [jvm.dll+0x1f720c]
V  [jvm.dll+0x74485d]
V  [jvm.dll+0x73d65a]
V  [jvm.dll+0x629c56]
C  [ucrtbase.dll+0x214c2]
C  [KERNEL32.DLL+0x17034]
C  [ntdll.dll+0x4cec1]


---------------  P R O C E S S  ---------------

Threads class SMR info:
_java_thread_list=0x000001d39207f700, length=18, elements={
0x000001d3e9e0e740, 0x000001d3f8f98d00, 0x000001d3f8f99ff0, 0x000001d3f8fb57f0,
0x000001d3f8fb81c0, 0x000001d3f8fb8b80, 0x000001d3f8fc5e40, 0x000001d3f8fc8800,
0x000001d3f8fc94f0, 0x000001d3e9eeca00, 0x000001d3f9ba9790, 0x000001d3fa0dc290,
0x000001d3fa06b220, 0x000001d3f9fd87c0, 0x000001d3fa54d230, 0x000001d3fa4ddf10,
0x000001d38f169570, 0x000001d38f38edf0
}

Java Threads: ( => current thread )
  0x000001d3e9e0e740 JavaThread "main" [_thread_blocked, id=9952, stack(0x000000358da00000,0x000000358db00000)]
  0x000001d3f8f98d00 JavaThread "Reference Handler" daemon [_thread_blocked, id=17476, stack(0x000000358e100000,0x000000358e200000)]
  0x000001d3f8f99ff0 JavaThread "Finalizer" daemon [_thread_blocked, id=13628, stack(0x000000358e200000,0x000000358e300000)]
  0x000001d3f8fb57f0 JavaThread "Signal Dispatcher" daemon [_thread_blocked, id=17232, stack(0x000000358e300000,0x000000358e400000)]
  0x000001d3f8fb81c0 JavaThread "Attach Listener" daemon [_thread_blocked, id=22728, stack(0x000000358e400000,0x000000358e500000)]
  0x000001d3f8fb8b80 JavaThread "Service Thread" daemon [_thread_blocked, id=12100, stack(0x000000358e500000,0x000000358e600000)]
=>0x000001d3f8fc5e40 JavaThread "C2 CompilerThread0" daemon [_thread_in_native, id=15612, stack(0x000000358e600000,0x000000358e700000)]
  0x000001d3f8fc8800 JavaThread "C1 CompilerThread0" daemon [_thread_in_native, id=21540, stack(0x000000358e700000,0x000000358e800000)]
  0x000001d3f8fc94f0 JavaThread "Sweeper thread" daemon [_thread_blocked, id=19836, stack(0x000000358e800000,0x000000358e900000)]
  0x000001d3e9eeca00 JavaThread "Common-Cleaner" daemon [_thread_blocked, id=16020, stack(0x000000358e900000,0x000000358ea00000)]
  0x000001d3f9ba9790 JavaThread "Notification Thread" daemon [_thread_blocked, id=17944, stack(0x000000358eb00000,0x000000358ec00000)]
  0x000001d3fa0dc290 JavaThread "QuantumRenderer-0" daemon [_thread_in_native, id=7148, stack(0x000000358ed00000,0x000000358ee00000)]
  0x000001d3fa06b220 JavaThread "InvokeLaterDispatcher" daemon [_thread_blocked, id=11780, stack(0x000000358f000000,0x000000358f100000)]
  0x000001d3f9fd87c0 JavaThread "JavaFX Application Thread" [_thread_in_native, id=14428, stack(0x000000358f100000,0x000000358f200000)]
  0x000001d3fa54d230 JavaThread "Thread-1" daemon [_thread_in_native, id=576, stack(0x000000358f800000,0x000000358f900000)]
  0x000001d3fa4ddf10 JavaThread "JavaFX-Launcher" [_thread_blocked, id=17388, stack(0x000000358f900000,0x000000358fa00000)]
  0x000001d38f169570 JavaThread "Prism Font Disposer" daemon [_thread_blocked, id=10648, stack(0x000000358ff00000,0x0000003590000000)]
  0x000001d38f38edf0 JavaThread "Cleaner-0" daemon [_thread_blocked, id=5952, stack(0x0000003590100000,0x0000003590200000)]

Other Threads:
  0x000001d3f8f96560 VMThread "VM Thread" [stack: 0x000000358e000000,0x000000358e100000] [id=21708]
  0x000001d3f8f948b0 WatcherThread [stack: 0x000000358ec00000,0x000000358ed00000] [id=20232]
  0x000001d3e9e4d070 GCTaskThread "GC Thread#0" [stack: 0x000000358db00000,0x000000358dc00000] [id=22304]
  0x000001d3f9be5ec0 GCTaskThread "GC Thread#1" [stack: 0x000000358fa00000,0x000000358fb00000] [id=21744]
  0x000001d3f9be3ee0 GCTaskThread "GC Thread#2" [stack: 0x000000358fb00000,0x000000358fc00000] [id=14932]
  0x000001d3f9be4210 GCTaskThread "GC Thread#3" [stack: 0x000000358fc00000,0x000000358fd00000] [id=19140]
  0x000001d3f9be6850 GCTaskThread "GC Thread#4" [stack: 0x000000358fd00000,0x000000358fe00000] [id=21220]
  0x000001d3f9be4ed0 GCTaskThread "GC Thread#5" [stack: 0x000000358fe00000,0x000000358ff00000] [id=21176]
  0x000001d3e9e5d680 ConcurrentGCThread "G1 Main Marker" [stack: 0x000000358dc00000,0x000000358dd00000] [id=10860]
  0x000001d3e9e5e180 ConcurrentGCThread "G1 Conc#0" [stack: 0x000000358dd00000,0x000000358de00000] [id=23000]
  0x000001d3e9ed82e0 ConcurrentGCThread "G1 Refine#0" [stack: 0x000000358de00000,0x000000358df00000] [id=22936]
  0x000001d3e9ed8df0 ConcurrentGCThread "G1 Young RemSet Sampling" [stack: 0x000000358df00000,0x000000358e000000] [id=11368]

Threads with active compile tasks:
C2 CompilerThread0     9904 3252       4       javafx.scene.Parent::updateCachedBounds (502 bytes)

VM state: not at safepoint (normal execution)

VM Mutex/Monitor currently owned by a thread: None

Heap address: 0x0000000091000000, size: 1776 MB, Compressed Oops mode: 32-bit
CDS archive(s) mapped at: [0x0000000800000000-0x0000000800b50000-0x0000000800b50000), size 11862016, SharedBaseAddress: 0x0000000800000000, ArchiveRelocationMode: 0.
Compressed class space mapped at: 0x0000000800b50000-0x0000000840b50000, size: 1073741824
Narrow klass base: 0x0000000800000000, Narrow klass shift: 3, Narrow klass range: 0x100000000

GC Precious Log:
 CPUs: 8 total, 8 available
 Memory: 7103M
 Large Page Support: Disabled
 NUMA Support: Disabled
 Compressed Oops: Enabled (32-bit)
 Heap Region Size: 1M
 Heap Min Capacity: 8M
 Heap Initial Capacity: 112M
 Heap Max Capacity: 1776M
 Pre-touch: Disabled
 Parallel Workers: 8
 Concurrent Workers: 2
 Concurrent Refinement Workers: 8
 Periodic GC: Disabled

Heap:
 garbage-first heap   total 114688K, used 20653K [0x0000000091000000, 0x0000000100000000)
  region size 1024K, 15 young (15360K), 4 survivors (4096K)
 Metaspace       used 14277K, capacity 15373K, committed 15616K, reserved 1062912K
  class space    used 1885K, capacity 2004K, committed 2048K, reserved 1048576K

Heap Regions: E=young(eden), S=young(survivor), O=old, HS=humongous(starts), HC=humongous(continues), CS=collection set, F=free, OA=open archive, CA=closed archive, TAMS=top-at-mark-start (previous, next)
|   0|0x0000000091000000, 0x0000000091100000, 0x0000000091100000|100%|HS|  |TAMS 0x0000000091000000, 0x0000000091000000| Complete 
|   1|0x0000000091100000, 0x0000000091200000, 0x0000000091200000|100%|HC|  |TAMS 0x0000000091100000, 0x0000000091100000| Complete 
|   2|0x0000000091200000, 0x0000000091200000, 0x0000000091300000|  0%| F|  |TAMS 0x0000000091200000, 0x0000000091200000| Untracked 
|   3|0x0000000091300000, 0x0000000091300000, 0x0000000091400000|  0%| F|  |TAMS 0x0000000091300000, 0x0000000091300000| Untracked 
|   4|0x0000000091400000, 0x0000000091500000, 0x0000000091500000|100%|HS|  |TAMS 0x0000000091400000, 0x0000000091400000| Complete 
|   5|0x0000000091500000, 0x0000000091600000, 0x0000000091600000|100%|HC|  |TAMS 0x0000000091500000, 0x0000000091500000| Complete 
|   6|0x0000000091600000, 0x0000000091700000, 0x0000000091700000|100%| O|  |TAMS 0x0000000091600000, 0x0000000091600000| Untracked 
|   7|0x0000000091700000, 0x0000000091800000, 0x0000000091800000|100%| O|  |TAMS 0x0000000091700000, 0x0000000091700000| Untracked 
|   8|0x0000000091800000, 0x00000000918b2a08, 0x0000000091900000| 69%| O|  |TAMS 0x0000000091800000, 0x0000000091800000| Untracked 
|   9|0x0000000091900000, 0x0000000091900000, 0x0000000091a00000|  0%| F|  |TAMS 0x0000000091900000, 0x0000000091900000| Untracked 
|  10|0x0000000091a00000, 0x0000000091a00000, 0x0000000091b00000|  0%| F|  |TAMS 0x0000000091a00000, 0x0000000091a00000| Untracked 
|  11|0x0000000091b00000, 0x0000000091b00000, 0x0000000091c00000|  0%| F|  |TAMS 0x0000000091b00000, 0x0000000091b00000| Untracked 
|  12|0x0000000091c00000, 0x0000000091c00000, 0x0000000091d00000|  0%| F|  |TAMS 0x0000000091c00000, 0x0000000091c00000| Untracked 
|  13|0x0000000091d00000, 0x0000000091d00000, 0x0000000091e00000|  0%| F|  |TAMS 0x0000000091d00000, 0x0000000091d00000| Untracked 
|  14|0x0000000091e00000, 0x0000000091e00000, 0x0000000091f00000|  0%| F|  |TAMS 0x0000000091e00000, 0x0000000091e00000| Untracked 
|  15|0x0000000091f00000, 0x0000000091f00000, 0x0000000092000000|  0%| F|  |TAMS 0x0000000091f00000, 0x0000000091f00000| Untracked 
|  16|0x0000000092000000, 0x0000000092000000, 0x0000000092100000|  0%| F|  |TAMS 0x0000000092000000, 0x0000000092000000| Untracked 
|  17|0x0000000092100000, 0x0000000092100000, 0x0000000092200000|  0%| F|  |TAMS 0x0000000092100000, 0x0000000092100000| Untracked 
|  18|0x0000000092200000, 0x0000000092200000, 0x0000000092300000|  0%| F|  |TAMS 0x0000000092200000, 0x0000000092200000| Untracked 
|  19|0x0000000092300000, 0x0000000092300000, 0x0000000092400000|  0%| F|  |TAMS 0x0000000092300000, 0x0000000092300000| Untracked 
|  20|0x0000000092400000, 0x0000000092400000, 0x0000000092500000|  0%| F|  |TAMS 0x0000000092400000, 0x0000000092400000| Untracked 
|  21|0x0000000092500000, 0x0000000092500000, 0x0000000092600000|  0%| F|  |TAMS 0x0000000092500000, 0x0000000092500000| Untracked 
|  22|0x0000000092600000, 0x0000000092600000, 0x0000000092700000|  0%| F|  |TAMS 0x0000000092600000, 0x0000000092600000| Untracked 
|  23|0x0000000092700000, 0x0000000092700000, 0x0000000092800000|  0%| F|  |TAMS 0x0000000092700000, 0x0000000092700000| Untracked 
|  24|0x0000000092800000, 0x0000000092800000, 0x0000000092900000|  0%| F|  |TAMS 0x0000000092800000, 0x0000000092800000| Untracked 
|  25|0x0000000092900000, 0x0000000092900000, 0x0000000092a00000|  0%| F|  |TAMS 0x0000000092900000, 0x0000000092900000| Untracked 
|  26|0x0000000092a00000, 0x0000000092a00000, 0x0000000092b00000|  0%| F|  |TAMS 0x0000000092a00000, 0x0000000092a00000| Untracked 
|  27|0x0000000092b00000, 0x0000000092b00000, 0x0000000092c00000|  0%| F|  |TAMS 0x0000000092b00000, 0x0000000092b00000| Untracked 
|  28|0x0000000092c00000, 0x0000000092c00000, 0x0000000092d00000|  0%| F|  |TAMS 0x0000000092c00000, 0x0000000092c00000| Untracked 
|  29|0x0000000092d00000, 0x0000000092d00000, 0x0000000092e00000|  0%| F|  |TAMS 0x0000000092d00000, 0x0000000092d00000| Untracked 
|  30|0x0000000092e00000, 0x0000000092e00000, 0x0000000092f00000|  0%| F|  |TAMS 0x0000000092e00000, 0x0000000092e00000| Untracked 
|  31|0x0000000092f00000, 0x0000000092f00000, 0x0000000093000000|  0%| F|  |TAMS 0x0000000092f00000, 0x0000000092f00000| Untracked 
|  32|0x0000000093000000, 0x0000000093000000, 0x0000000093100000|  0%| F|  |TAMS 0x0000000093000000, 0x0000000093000000| Untracked 
|  33|0x0000000093100000, 0x0000000093100000, 0x0000000093200000|  0%| F|  |TAMS 0x0000000093100000, 0x0000000093100000| Untracked 
|  34|0x0000000093200000, 0x0000000093200000, 0x0000000093300000|  0%| F|  |TAMS 0x0000000093200000, 0x0000000093200000| Untracked 
|  35|0x0000000093300000, 0x0000000093300000, 0x0000000093400000|  0%| F|  |TAMS 0x0000000093300000, 0x0000000093300000| Untracked 
|  36|0x0000000093400000, 0x0000000093400000, 0x0000000093500000|  0%| F|  |TAMS 0x0000000093400000, 0x0000000093400000| Untracked 
|  37|0x0000000093500000, 0x0000000093500000, 0x0000000093600000|  0%| F|  |TAMS 0x0000000093500000, 0x0000000093500000| Untracked 
|  38|0x0000000093600000, 0x0000000093600000, 0x0000000093700000|  0%| F|  |TAMS 0x0000000093600000, 0x0000000093600000| Untracked 
|  39|0x0000000093700000, 0x0000000093700000, 0x0000000093800000|  0%| F|  |TAMS 0x0000000093700000, 0x0000000093700000| Untracked 
|  40|0x0000000093800000, 0x0000000093800000, 0x0000000093900000|  0%| F|  |TAMS 0x0000000093800000, 0x0000000093800000| Untracked 
|  41|0x0000000093900000, 0x0000000093900000, 0x0000000093a00000|  0%| F|  |TAMS 0x0000000093900000, 0x0000000093900000| Untracked 
|  42|0x0000000093a00000, 0x0000000093a00000, 0x0000000093b00000|  0%| F|  |TAMS 0x0000000093a00000, 0x0000000093a00000| Untracked 
|  43|0x0000000093b00000, 0x0000000093b00000, 0x0000000093c00000|  0%| F|  |TAMS 0x0000000093b00000, 0x0000000093b00000| Untracked 
|  44|0x0000000093c00000, 0x0000000093c00000, 0x0000000093d00000|  0%| F|  |TAMS 0x0000000093c00000, 0x0000000093c00000| Untracked 
|  45|0x0000000093d00000, 0x0000000093d00000, 0x0000000093e00000|  0%| F|  |TAMS 0x0000000093d00000, 0x0000000093d00000| Untracked 
|  46|0x0000000093e00000, 0x0000000093e00000, 0x0000000093f00000|  0%| F|  |TAMS 0x0000000093e00000, 0x0000000093e00000| Untracked 
|  47|0x0000000093f00000, 0x0000000093f00000, 0x0000000094000000|  0%| F|  |TAMS 0x0000000093f00000, 0x0000000093f00000| Untracked 
|  48|0x0000000094000000, 0x0000000094000000, 0x0000000094100000|  0%| F|  |TAMS 0x0000000094000000, 0x0000000094000000| Untracked 
|  49|0x0000000094100000, 0x0000000094100000, 0x0000000094200000|  0%| F|  |TAMS 0x0000000094100000, 0x0000000094100000| Untracked 
|  50|0x0000000094200000, 0x0000000094200000, 0x0000000094300000|  0%| F|  |TAMS 0x0000000094200000, 0x0000000094200000| Untracked 
|  51|0x0000000094300000, 0x0000000094300000, 0x0000000094400000|  0%| F|  |TAMS 0x0000000094300000, 0x0000000094300000| Untracked 
|  52|0x0000000094400000, 0x0000000094400000, 0x0000000094500000|  0%| F|  |TAMS 0x0000000094400000, 0x0000000094400000| Untracked 
|  53|0x0000000094500000, 0x0000000094500000, 0x0000000094600000|  0%| F|  |TAMS 0x0000000094500000, 0x0000000094500000| Untracked 
|  54|0x0000000094600000, 0x0000000094600000, 0x0000000094700000|  0%| F|  |TAMS 0x0000000094600000, 0x0000000094600000| Untracked 
|  55|0x0000000094700000, 0x0000000094700000, 0x0000000094800000|  0%| F|  |TAMS 0x0000000094700000, 0x0000000094700000| Untracked 
|  56|0x0000000094800000, 0x0000000094800000, 0x0000000094900000|  0%| F|  |TAMS 0x0000000094800000, 0x0000000094800000| Untracked 
|  57|0x0000000094900000, 0x0000000094900000, 0x0000000094a00000|  0%| F|  |TAMS 0x0000000094900000, 0x0000000094900000| Untracked 
|  58|0x0000000094a00000, 0x0000000094a00000, 0x0000000094b00000|  0%| F|  |TAMS 0x0000000094a00000, 0x0000000094a00000| Untracked 
|  59|0x0000000094b00000, 0x0000000094b00000, 0x0000000094c00000|  0%| F|  |TAMS 0x0000000094b00000, 0x0000000094b00000| Untracked 
|  60|0x0000000094c00000, 0x0000000094c00000, 0x0000000094d00000|  0%| F|  |TAMS 0x0000000094c00000, 0x0000000094c00000| Untracked 
|  61|0x0000000094d00000, 0x0000000094d00000, 0x0000000094e00000|  0%| F|  |TAMS 0x0000000094d00000, 0x0000000094d00000| Untracked 
|  62|0x0000000094e00000, 0x0000000094e00000, 0x0000000094f00000|  0%| F|  |TAMS 0x0000000094e00000, 0x0000000094e00000| Untracked 
|  63|0x0000000094f00000, 0x0000000094f00000, 0x0000000095000000|  0%| F|  |TAMS 0x0000000094f00000, 0x0000000094f00000| Untracked 
|  64|0x0000000095000000, 0x0000000095000000, 0x0000000095100000|  0%| F|  |TAMS 0x0000000095000000, 0x0000000095000000| Untracked 
|  65|0x0000000095100000, 0x0000000095100000, 0x0000000095200000|  0%| F|  |TAMS 0x0000000095100000, 0x0000000095100000| Untracked 
|  66|0x0000000095200000, 0x0000000095200000, 0x0000000095300000|  0%| F|  |TAMS 0x0000000095200000, 0x0000000095200000| Untracked 
|  67|0x0000000095300000, 0x0000000095300000, 0x0000000095400000|  0%| F|  |TAMS 0x0000000095300000, 0x0000000095300000| Untracked 
|  68|0x0000000095400000, 0x0000000095400000, 0x0000000095500000|  0%| F|  |TAMS 0x0000000095400000, 0x0000000095400000| Untracked 
|  69|0x0000000095500000, 0x0000000095500000, 0x0000000095600000|  0%| F|  |TAMS 0x0000000095500000, 0x0000000095500000| Untracked 
|  70|0x0000000095600000, 0x0000000095600000, 0x0000000095700000|  0%| F|  |TAMS 0x0000000095600000, 0x0000000095600000| Untracked 
|  71|0x0000000095700000, 0x0000000095700000, 0x0000000095800000|  0%| F|  |TAMS 0x0000000095700000, 0x0000000095700000| Untracked 
|  72|0x0000000095800000, 0x0000000095800000, 0x0000000095900000|  0%| F|  |TAMS 0x0000000095800000, 0x0000000095800000| Untracked 
|  73|0x0000000095900000, 0x0000000095900000, 0x0000000095a00000|  0%| F|  |TAMS 0x0000000095900000, 0x0000000095900000| Untracked 
|  74|0x0000000095a00000, 0x0000000095a78b30, 0x0000000095b00000| 47%| S|CS|TAMS 0x0000000095a00000, 0x0000000095a00000| Complete 
|  75|0x0000000095b00000, 0x0000000095c00000, 0x0000000095c00000|100%| S|CS|TAMS 0x0000000095b00000, 0x0000000095b00000| Complete 
|  76|0x0000000095c00000, 0x0000000095d00000, 0x0000000095d00000|100%| S|CS|TAMS 0x0000000095c00000, 0x0000000095c00000| Complete 
|  77|0x0000000095d00000, 0x0000000095e00000, 0x0000000095e00000|100%| S|CS|TAMS 0x0000000095d00000, 0x0000000095d00000| Complete 
|  78|0x0000000095e00000, 0x0000000095e00000, 0x0000000095f00000|  0%| F|  |TAMS 0x0000000095e00000, 0x0000000095e00000| Untracked 
|  79|0x0000000095f00000, 0x0000000095f00000, 0x0000000096000000|  0%| F|  |TAMS 0x0000000095f00000, 0x0000000095f00000| Untracked 
|  80|0x0000000096000000, 0x0000000096000000, 0x0000000096100000|  0%| F|  |TAMS 0x0000000096000000, 0x0000000096000000| Untracked 
|  81|0x0000000096100000, 0x0000000096100000, 0x0000000096200000|  0%| F|  |TAMS 0x0000000096100000, 0x0000000096100000| Untracked 
|  82|0x0000000096200000, 0x0000000096200000, 0x0000000096300000|  0%| F|  |TAMS 0x0000000096200000, 0x0000000096200000| Untracked 
|  83|0x0000000096300000, 0x0000000096300000, 0x0000000096400000|  0%| F|  |TAMS 0x0000000096300000, 0x0000000096300000| Untracked 
|  84|0x0000000096400000, 0x0000000096400000, 0x0000000096500000|  0%| F|  |TAMS 0x0000000096400000, 0x0000000096400000| Untracked 
|  85|0x0000000096500000, 0x0000000096500000, 0x0000000096600000|  0%| F|  |TAMS 0x0000000096500000, 0x0000000096500000| Untracked 
|  86|0x0000000096600000, 0x0000000096600000, 0x0000000096700000|  0%| F|  |TAMS 0x0000000096600000, 0x0000000096600000| Untracked 
|  87|0x0000000096700000, 0x0000000096700000, 0x0000000096800000|  0%| F|  |TAMS 0x0000000096700000, 0x0000000096700000| Untracked 
|  88|0x0000000096800000, 0x0000000096800000, 0x0000000096900000|  0%| F|  |TAMS 0x0000000096800000, 0x0000000096800000| Untracked 
|  89|0x0000000096900000, 0x0000000096900000, 0x0000000096a00000|  0%| F|  |TAMS 0x0000000096900000, 0x0000000096900000| Untracked 
|  90|0x0000000096a00000, 0x0000000096a00000, 0x0000000096b00000|  0%| F|  |TAMS 0x0000000096a00000, 0x0000000096a00000| Untracked 
|  91|0x0000000096b00000, 0x0000000096b00000, 0x0000000096c00000|  0%| F|  |TAMS 0x0000000096b00000, 0x0000000096b00000| Untracked 
|  92|0x0000000096c00000, 0x0000000096c00000, 0x0000000096d00000|  0%| F|  |TAMS 0x0000000096c00000, 0x0000000096c00000| Untracked 
|  93|0x0000000096d00000, 0x0000000096d00000, 0x0000000096e00000|  0%| F|  |TAMS 0x0000000096d00000, 0x0000000096d00000| Untracked 
|  94|0x0000000096e00000, 0x0000000096e00000, 0x0000000096f00000|  0%| F|  |TAMS 0x0000000096e00000, 0x0000000096e00000| Untracked 
|  95|0x0000000096f00000, 0x0000000096f00000, 0x0000000097000000|  0%| F|  |TAMS 0x0000000096f00000, 0x0000000096f00000| Untracked 
|  96|0x0000000097000000, 0x0000000097000000, 0x0000000097100000|  0%| F|  |TAMS 0x0000000097000000, 0x0000000097000000| Untracked 
|  97|0x0000000097100000, 0x0000000097100000, 0x0000000097200000|  0%| F|  |TAMS 0x0000000097100000, 0x0000000097100000| Untracked 
|  98|0x0000000097200000, 0x0000000097200000, 0x0000000097300000|  0%| F|  |TAMS 0x0000000097200000, 0x0000000097200000| Untracked 
|  99|0x0000000097300000, 0x0000000097300000, 0x0000000097400000|  0%| F|  |TAMS 0x0000000097300000, 0x0000000097300000| Untracked 
| 100|0x0000000097400000, 0x0000000097400000, 0x0000000097500000|  0%| F|  |TAMS 0x0000000097400000, 0x0000000097400000| Untracked 
| 101|0x0000000097500000, 0x00000000975fc250, 0x0000000097600000| 98%| E|  |TAMS 0x0000000097500000, 0x0000000097500000| Complete 
| 102|0x0000000097600000, 0x0000000097700000, 0x0000000097700000|100%| E|CS|TAMS 0x0000000097600000, 0x0000000097600000| Complete 
| 103|0x0000000097700000, 0x0000000097800000, 0x0000000097800000|100%| E|CS|TAMS 0x0000000097700000, 0x0000000097700000| Complete 
| 104|0x0000000097800000, 0x0000000097900000, 0x0000000097900000|100%| E|CS|TAMS 0x0000000097800000, 0x0000000097800000| Complete 
| 105|0x0000000097900000, 0x0000000097a00000, 0x0000000097a00000|100%| E|CS|TAMS 0x0000000097900000, 0x0000000097900000| Complete 
| 106|0x0000000097a00000, 0x0000000097b00000, 0x0000000097b00000|100%| E|CS|TAMS 0x0000000097a00000, 0x0000000097a00000| Complete 
| 107|0x0000000097b00000, 0x0000000097c00000, 0x0000000097c00000|100%| E|CS|TAMS 0x0000000097b00000, 0x0000000097b00000| Complete 
| 108|0x0000000097c00000, 0x0000000097d00000, 0x0000000097d00000|100%| E|CS|TAMS 0x0000000097c00000, 0x0000000097c00000| Complete 
| 109|0x0000000097d00000, 0x0000000097e00000, 0x0000000097e00000|100%| E|CS|TAMS 0x0000000097d00000, 0x0000000097d00000| Complete 
| 110|0x0000000097e00000, 0x0000000097f00000, 0x0000000097f00000|100%| E|CS|TAMS 0x0000000097e00000, 0x0000000097e00000| Complete 
| 111|0x0000000097f00000, 0x0000000098000000, 0x0000000098000000|100%| E|CS|TAMS 0x0000000097f00000, 0x0000000097f00000| Complete 

Card table byte_map: [0x000001d3f2700000,0x000001d3f2a80000] _byte_map_base: 0x000001d3f2278000

Marking Bits (Prev, Next): (CMBitMap*) 0x000001d3e9e4e780, (CMBitMap*) 0x000001d3e9e4e7c0
 Prev Bits: [0x000001d3f2e00000, 0x000001d3f49c0000)
 Next Bits: [0x000001d3f49c0000, 0x000001d3f6580000)

Polling page: 0x000001d3e7d50000

Metaspace:

Usage:
  Non-class:     13.06 MB capacity,    12.10 MB ( 93%) used,   958.02 KB (  7%) free+waste,    19.56 KB ( <1%) overhead. 
      Class:      1.96 MB capacity,     1.84 MB ( 94%) used,   110.27 KB (  6%) free+waste,     8.06 KB ( <1%) overhead. 
       Both:     15.01 MB capacity,    13.94 MB ( 93%) used,     1.04 MB (  7%) free+waste,    27.62 KB ( <1%) overhead. 

Virtual space:
  Non-class space:       14.00 MB reserved,      13.25 MB ( 95%) committed 
      Class space:        1.00 GB reserved,       2.00 MB ( <1%) committed 
             Both:        1.01 GB reserved,      15.25 MB (  1%) committed 

Chunk freelists:
   Non-Class:  7.00 KB
       Class:  12.00 KB
        Both:  19.00 KB

MaxMetaspaceSize: 17179869184.00 GB
CompressedClassSpaceSize: 1.00 GB

CodeHeap 'non-profiled nmethods': size=120000Kb used=1729Kb max_used=1729Kb free=118270Kb
 bounds [0x000001d387ad0000, 0x000001d387d40000, 0x000001d38f000000]
CodeHeap 'profiled nmethods': size=120000Kb used=5798Kb max_used=5798Kb free=114201Kb
 bounds [0x000001d3805a0000, 0x000001d380b50000, 0x000001d387ad0000]
CodeHeap 'non-nmethods': size=5760Kb used=1416Kb max_used=1479Kb free=4343Kb
 bounds [0x000001d380000000, 0x000001d380270000, 0x000001d3805a0000]
 total_blobs=3990 nmethods=3254 adapters=648
 compilation: enabled
              stopped_count=0, restarted_count=0
 full_count=0

Compilation events (20 events):
Event: 9.825 Thread 0x000001d3f8fc8800 3244       3       com.sun.javafx.tk.quantum.QuantumToolkit::getMultiClickMaxX (4 bytes)
Event: 9.826 Thread 0x000001d3f8fc8800 nmethod 3244 0x000001d380b46190 code [0x000001d380b46360, 0x000001d380b46618]
Event: 9.826 Thread 0x000001d3f8fc8800 3245       3       com.sun.glass.ui.View::getMultiClickMaxX (10 bytes)
Event: 9.826 Thread 0x000001d3f8fc8800 nmethod 3245 0x000001d380b46790 code [0x000001d380b46980, 0x000001d380b46dc8]
Event: 9.826 Thread 0x000001d3f8fc8800 3246       3       com.sun.glass.ui.win.WinApplication::staticView_getMultiClickMaxX (4 bytes)
Event: 9.826 Thread 0x000001d3f8fc8800 nmethod 3246 0x000001d380b46f90 code [0x000001d380b47120, 0x000001d380b47278]
Event: 9.826 Thread 0x000001d3f8fc8800 3247       3       com.sun.glass.ui.win.WinView::getMultiClickMaxX_impl (4 bytes)
Event: 9.826 Thread 0x000001d3f8fc8800 nmethod 3247 0x000001d380b47310 code [0x000001d380b474a0, 0x000001d380b47578]
Event: 9.826 Thread 0x000001d3f8fc8800 3248       1       javafx.scene.input.MouseEvent::getPickResult (5 bytes)
Event: 9.826 Thread 0x000001d3f8fc8800 nmethod 3248 0x000001d387c7d090 code [0x000001d387c7d220, 0x000001d387c7d2d8]
Event: 9.826 Thread 0x000001d3f8fc8800 3249       1       java.util.EventObject::getSource (5 bytes)
Event: 9.826 Thread 0x000001d3f8fc8800 nmethod 3249 0x000001d387c7d390 code [0x000001d387c7d520, 0x000001d387c7d5d8]
Event: 9.831 Thread 0x000001d3f8fc5e40 nmethod 3229 0x000001d387c7d690 code [0x000001d387c7d8e0, 0x000001d387c7e588]
Event: 9.831 Thread 0x000001d3f8fc5e40 3238       4       com.sun.javafx.geom.PickRay::setOrigin (12 bytes)
Event: 9.832 Thread 0x000001d3f8fc5e40 nmethod 3238 0x000001d387c7f410 code [0x000001d387c7f580, 0x000001d387c7f618]
Event: 9.833 Thread 0x000001d3f8fc5e40 3250   !   4       javafx.scene.Node::pickNode (130 bytes)
Event: 9.838 Thread 0x000001d3f8fc5e40 nmethod 3250 0x000001d387c7f710 code [0x000001d387c7f8c0, 0x000001d387c7fc28]
Event: 9.838 Thread 0x000001d3f8fc5e40 3251       4       javafx.scene.Node::intersects (47 bytes)
Event: 9.839 Thread 0x000001d3f8fc5e40 nmethod 3251 0x000001d387c80210 code [0x000001d387c803c0, 0x000001d387c80520]
Event: 9.843 Thread 0x000001d3f8fc5e40 3252       4       javafx.scene.Parent::updateCachedBounds (502 bytes)

GC Heap History (4 events):
Event: 0.845 GC heap before
{Heap before GC invocations=0 (full 0):
 garbage-first heap   total 114688K, used 24576K [0x0000000091000000, 0x0000000100000000)
  region size 1024K, 23 young (23552K), 0 survivors (0K)
 Metaspace       used 6596K, capacity 8919K, committed 9088K, reserved 1056768K
  class space    used 853K, capacity 1052K, committed 1152K, reserved 1048576K
}
Event: 0.849 GC heap after
{Heap after GC invocations=1 (full 0):
 garbage-first heap   total 114688K, used 4903K [0x0000000091000000, 0x0000000100000000)
  region size 1024K, 3 young (3072K), 3 survivors (3072K)
 Metaspace       used 6596K, capacity 8919K, committed 9088K, reserved 1056768K
  class space    used 853K, capacity 1052K, committed 1152K, reserved 1048576K
}
Event: 2.307 GC heap before
{Heap before GC invocations=1 (full 0):
 garbage-first heap   total 114688K, used 40743K [0x0000000091000000, 0x0000000100000000)
  region size 1024K, 34 young (34816K), 3 survivors (3072K)
 Metaspace       used 13692K, capacity 14925K, committed 15104K, reserved 1062912K
  class space    used 1877K, capacity 2004K, committed 2048K, reserved 1048576K
}
Event: 2.314 GC heap after
{Heap after GC invocations=2 (full 0):
 garbage-first heap   total 114688K, used 10413K [0x0000000091000000, 0x0000000100000000)
  region size 1024K, 4 young (4096K), 4 survivors (4096K)
 Metaspace       used 13692K, capacity 14925K, committed 15104K, reserved 1062912K
  class space    used 1877K, capacity 2004K, committed 2048K, reserved 1048576K
}

Deoptimization events (20 events):
Event: 5.934 Thread 0x000001d3fa0dc290 Uncommon trap: trap_request=0xffffffbe fr.pc=0x000001d387c39bb8 relative=0x0000000000002b98
Event: 5.934 Thread 0x000001d3fa0dc290 Uncommon trap: reason=profile_predicate action=maybe_recompile pc=0x000001d387c39bb8 method=com.sun.prism.impl.shape.DMarlinPrismUtils.feedConsumer(Lcom/sun/marlin/DRendererContext;Lcom/sun/javafx/geom/Path2D;Lcom/sun/javafx/geom/transform/BaseTransform;L
Event: 5.934 Thread 0x000001d3fa0dc290 DEOPT PACKING pc=0x000001d387c39bb8 sp=0x000000358edfde00
Event: 5.934 Thread 0x000001d3fa0dc290 DEOPT UNPACKING pc=0x000001d38004e42f sp=0x000000358edfde20 mode 2
Event: 5.934 Thread 0x000001d3fa0dc290 Uncommon trap: trap_request=0xffffffbe fr.pc=0x000001d387c39bb8 relative=0x0000000000002b98
Event: 5.934 Thread 0x000001d3fa0dc290 Uncommon trap: reason=profile_predicate action=maybe_recompile pc=0x000001d387c39bb8 method=com.sun.prism.impl.shape.DMarlinPrismUtils.feedConsumer(Lcom/sun/marlin/DRendererContext;Lcom/sun/javafx/geom/Path2D;Lcom/sun/javafx/geom/transform/BaseTransform;L
Event: 5.934 Thread 0x000001d3fa0dc290 DEOPT PACKING pc=0x000001d387c39bb8 sp=0x000000358edfde00
Event: 5.934 Thread 0x000001d3fa0dc290 DEOPT UNPACKING pc=0x000001d38004e42f sp=0x000000358edfde20 mode 2
Event: 5.935 Thread 0x000001d3fa0dc290 Uncommon trap: trap_request=0xffffffbe fr.pc=0x000001d387c39bb8 relative=0x0000000000002b98
Event: 5.935 Thread 0x000001d3fa0dc290 Uncommon trap: reason=profile_predicate action=maybe_recompile pc=0x000001d387c39bb8 method=com.sun.prism.impl.shape.DMarlinPrismUtils.feedConsumer(Lcom/sun/marlin/DRendererContext;Lcom/sun/javafx/geom/Path2D;Lcom/sun/javafx/geom/transform/BaseTransform;L
Event: 5.935 Thread 0x000001d3fa0dc290 DEOPT PACKING pc=0x000001d387c39bb8 sp=0x000000358edfde00
Event: 5.935 Thread 0x000001d3fa0dc290 DEOPT UNPACKING pc=0x000001d38004e42f sp=0x000000358edfde20 mode 2
Event: 5.935 Thread 0x000001d3fa0dc290 Uncommon trap: trap_request=0xffffffbe fr.pc=0x000001d387c39bb8 relative=0x0000000000002b98
Event: 5.935 Thread 0x000001d3fa0dc290 Uncommon trap: reason=profile_predicate action=maybe_recompile pc=0x000001d387c39bb8 method=com.sun.prism.impl.shape.DMarlinPrismUtils.feedConsumer(Lcom/sun/marlin/DRendererContext;Lcom/sun/javafx/geom/Path2D;Lcom/sun/javafx/geom/transform/BaseTransform;L
Event: 5.935 Thread 0x000001d3fa0dc290 DEOPT PACKING pc=0x000001d387c39bb8 sp=0x000000358edfde00
Event: 5.935 Thread 0x000001d3fa0dc290 DEOPT UNPACKING pc=0x000001d38004e42f sp=0x000000358edfde20 mode 2
Event: 9.634 Thread 0x000001d3f9fd87c0 Uncommon trap: trap_request=0xffffff45 fr.pc=0x000001d387c40848 relative=0x0000000000000fc8
Event: 9.634 Thread 0x000001d3f9fd87c0 Uncommon trap: reason=unstable_if action=reinterpret pc=0x000001d387c40848 method=com.sun.marlin.DStroker.finish(I)V @ 19 c2
Event: 9.634 Thread 0x000001d3f9fd87c0 DEOPT PACKING pc=0x000001d387c40848 sp=0x000000358f1fc670
Event: 9.634 Thread 0x000001d3f9fd87c0 DEOPT UNPACKING pc=0x000001d38004e42f sp=0x000000358f1fc658 mode 2

Classes unloaded (0 events):
No events

Classes redefined (0 events):
No events

Internal exceptions (20 events):
Event: 0.625 Thread 0x000001d3f9fd87c0 Exception <a 'sun/nio/fs/WindowsException'{0x0000000096fe5498}> (0x0000000096fe5498) 
thrown [./open/src/hotspot/share/prims/jni.cpp, line 578]
Event: 0.625 Thread 0x000001d3f9fd87c0 Exception <a 'sun/nio/fs/WindowsException'{0x0000000096fe6328}> (0x0000000096fe6328) 
thrown [./open/src/hotspot/share/prims/jni.cpp, line 578]
Event: 0.625 Thread 0x000001d3f9fd87c0 Exception <a 'sun/nio/fs/WindowsException'{0x0000000096fe6ab8}> (0x0000000096fe6ab8) 
thrown [./open/src/hotspot/share/prims/jni.cpp, line 578]
Event: 0.798 Thread 0x000001d3f9fd87c0 Exception <a 'java/lang/NoSuchMethodError'{0x0000000096b301a8}: 'java.lang.Object java.lang.invoke.DirectMethodHandle$Holder.invokeStaticInit(java.lang.Object, java.lang.Object, java.lang.Object, java.lang.Object)'> (0x0000000096b301a8) 
thrown [./open/src/hotspot/share/interpreter/linkResolver.cpp, line 782]
Event: 0.800 Thread 0x000001d3f9fd87c0 Exception <a 'java/lang/NullPointerException'{0x0000000096b3c1a8}> (0x0000000096b3c1a8) 
thrown [./open/src/hotspot/share/interpreter/linkResolver.cpp, line 1374]
Event: 0.933 Thread 0x000001d3f9fd87c0 Exception <a 'java/lang/NoSuchMethodError'{0x0000000097a57288}: 'java.lang.Object java.lang.invoke.DirectMethodHandle$Holder.newInvokeSpecial(java.lang.Object, java.lang.Object, int)'> (0x0000000097a57288) 
thrown [./open/src/hotspot/share/interpreter/linkResolver.cpp, line 782]
Event: 0.981 Thread 0x000001d3f9fd87c0 Exception <a 'sun/nio/fs/WindowsException'{0x00000000978ca980}> (0x00000000978ca980) 
thrown [./open/src/hotspot/share/prims/jni.cpp, line 578]
Event: 0.993 Thread 0x000001d3f9fd87c0 Implicit null exception at 0x000001d387afa458 to 0x000001d387afa4ea
Event: 1.019 Thread 0x000001d3f9fd87c0 Implicit null exception at 0x000001d387b2bb0d to 0x000001d387b2bf1c
Event: 1.022 Thread 0x000001d3f9fd87c0 Implicit null exception at 0x000001d387b2b18a to 0x000001d387b2b588
Event: 1.080 Thread 0x000001d3f9fd87c0 Implicit null exception at 0x000001d387af7daf to 0x000001d387af7e29
Event: 1.123 Thread 0x000001d3f9fd87c0 Exception <a 'java/lang/NoSuchMethodError'{0x000000009726e160}: 'void java.lang.invoke.DirectMethodHandle$Holder.invokeStaticInit(java.lang.Object, java.lang.Object)'> (0x000000009726e160) 
thrown [./open/src/hotspot/share/interpreter/linkResolver.cpp, line 782]
Event: 1.130 Thread 0x000001d3f9fd87c0 Exception <a 'java/io/FileNotFoundException'{0x000000009728e4c8}> (0x000000009728e4c8) 
thrown [./open/src/hotspot/share/prims/jni.cpp, line 578]
Event: 1.344 Thread 0x000001d3f9fd87c0 Exception <a 'java/lang/NoSuchMethodError'{0x0000000096d47410}: 'java.lang.Object java.lang.invoke.DirectMethodHandle$Holder.invokeInterface(java.lang.Object, java.lang.Object, java.lang.Object)'> (0x0000000096d47410) 
thrown [./open/src/hotspot/share/interpreter/linkResolver.cpp, line 782]
Event: 1.344 Thread 0x000001d3f9fd87c0 Exception <a 'java/lang/IncompatibleClassChangeError'{0x0000000096d4af90}: Found class java.lang.Object, but interface was expected> (0x0000000096d4af90) 
thrown [./open/src/hotspot/share/interpreter/linkResolver.cpp, line 848]
Event: 1.420 Thread 0x000001d3f9fd87c0 Exception <a 'java/lang/NoSuchMethodError'{0x0000000096c98230}: 'long java.lang.invoke.DirectMethodHandle$Holder.invokeStatic(java.lang.Object, java.lang.Object, java.lang.Object)'> (0x0000000096c98230) 
thrown [./open/src/hotspot/share/interpreter/linkResolver.cpp, line 782]
Event: 1.421 Thread 0x000001d3f9fd87c0 Exception <a 'java/lang/NoSuchMethodError'{0x0000000096c9bbe0}: 'long java.lang.invoke.DirectMethodHandle$Holder.invokeStaticInit(java.lang.Object, java.lang.Object, java.lang.Object)'> (0x0000000096c9bbe0) 
thrown [./open/src/hotspot/share/interpreter/linkResolver.cpp, line 782]
Event: 1.425 Thread 0x000001d3f9fd87c0 Exception <a 'java/lang/NoSuchMethodError'{0x0000000096cb40d0}: 'java.lang.Object java.lang.invoke.DirectMethodHandle$Holder.newInvokeSpecial(java.lang.Object, java.lang.Object, long)'> (0x0000000096cb40d0) 
thrown [./open/src/hotspot/share/interpreter/linkResolver.cpp, line 782]
Event: 1.426 Thread 0x000001d3f9fd87c0 Exception <a 'java/lang/NoSuchMethodError'{0x0000000096cb7e40}: 'java.lang.Object java.lang.invoke.Invokers$Holder.linkToTargetMethod(java.lang.Object, long, java.lang.Object)'> (0x0000000096cb7e40) 
thrown [./open/src/hotspot/share/interpreter/linkResolver.cpp, line 782]
Event: 1.472 Thread 0x000001d3fa0dc290 Exception <a 'java/lang/NoSuchMethodError'{0x0000000096984b98}: 'int java.lang.invoke.DirectMethodHandle$Holder.invokeStaticInit(java.lang.Object, java.lang.Object)'> (0x0000000096984b98) 
thrown [./open/src/hotspot/share/interpreter/linkResolver.cpp, line 782]

Events (20 events):
Event: 4.719 Loaded shared library D:\java\AP4B-Projet\lib\openjfx-11.0.2_windows-x64_bin-sdk\javafx-sdk-11.0.2\bin\prism_d3d.dll
Event: 6.667 Executing VM operation: HandshakeAllThreads
Event: 6.667 Executing VM operation: HandshakeAllThreads done
Event: 7.668 Executing VM operation: HandshakeAllThreads
Event: 7.668 Executing VM operation: HandshakeAllThreads done
Event: 7.921 Loaded shared library D:\java\AP4B-Projet\lib\openjfx-11.0.2_windows-x64_bin-sdk\javafx-sdk-11.0.2\bin\prism_d3d.dll
Event: 8.668 Executing VM operation: HandshakeAllThreads
Event: 8.668 Executing VM operation: HandshakeAllThreads done
Event: 9.538 loading class java/util/EnumMap$Values
Event: 9.538 loading class java/util/EnumMap$Values done
Event: 9.538 loading class java/util/EnumMap$ValueIterator
Event: 9.538 loading class java/util/EnumMap$EnumMapIterator
Event: 9.538 loading class java/util/EnumMap$EnumMapIterator done
Event: 9.538 loading class java/util/EnumMap$ValueIterator done
Event: 9.634 Executing VM operation: HandshakeAllThreads
Event: 9.634 Executing VM operation: HandshakeAllThreads done
Event: 9.752 Executing VM operation: HandshakeAllThreads
Event: 9.752 Executing VM operation: HandshakeAllThreads done
Event: 9.752 Executing VM operation: HandshakeAllThreads
Event: 9.752 Executing VM operation: HandshakeAllThreads done


Dynamic libraries:
0x00007ff72fee0000 - 0x00007ff72feef000 	C:\Program Files\Java\jdk-15.0.1\bin\javaw.exe
0x00007ff99b910000 - 0x00007ff99bb06000 	C:\WINDOWS\SYSTEM32\ntdll.dll
0x00007ff99aa40000 - 0x00007ff99aafd000 	C:\WINDOWS\System32\KERNEL32.DLL
0x00007ff999530000 - 0x00007ff9997f8000 	C:\WINDOWS\System32\KERNELBASE.dll
0x00007ff9993e0000 - 0x00007ff9994e0000 	C:\WINDOWS\System32\ucrtbase.dll
0x00007ff992950000 - 0x00007ff992969000 	C:\Program Files\Java\jdk-15.0.1\bin\VCRUNTIME140.dll
0x00007ff9916c0000 - 0x00007ff9916d8000 	C:\Program Files\Java\jdk-15.0.1\bin\jli.dll
0x00007ff999fb0000 - 0x00007ff99a05c000 	C:\WINDOWS\System32\ADVAPI32.dll
0x00007ff99ab00000 - 0x00007ff99ab9e000 	C:\WINDOWS\System32\msvcrt.dll
0x00007ff99a170000 - 0x00007ff99a20b000 	C:\WINDOWS\System32\sechost.dll
0x00007ff99adc0000 - 0x00007ff99aee4000 	C:\WINDOWS\System32\RPCRT4.dll
0x00007ff99b290000 - 0x00007ff99b430000 	C:\WINDOWS\System32\USER32.dll
0x00007ff98ed40000 - 0x00007ff98efdb000 	C:\WINDOWS\WinSxS\amd64_microsoft.windows.common-controls_6595b64144ccf1df_6.0.19041.488_none_ca04af081b815d21\COMCTL32.dll
0x00007ff999910000 - 0x00007ff999932000 	C:\WINDOWS\System32\win32u.dll
0x00007ff99b430000 - 0x00007ff99b45a000 	C:\WINDOWS\System32\GDI32.dll
0x00007ff999800000 - 0x00007ff999909000 	C:\WINDOWS\System32\gdi32full.dll
0x00007ff9991e0000 - 0x00007ff99927d000 	C:\WINDOWS\System32\msvcp_win.dll
0x00007ff989a90000 - 0x00007ff989a9a000 	C:\WINDOWS\SYSTEM32\VERSION.dll
0x00007ff99a060000 - 0x00007ff99a090000 	C:\WINDOWS\System32\IMM32.DLL
0x00007ff992b90000 - 0x00007ff992b9c000 	C:\Program Files\Java\jdk-15.0.1\bin\vcruntime140_1.dll
0x00007ff9755b0000 - 0x00007ff975641000 	C:\Program Files\Java\jdk-15.0.1\bin\msvcp140.dll
0x00007ff954e80000 - 0x00007ff9559de000 	C:\Program Files\Java\jdk-15.0.1\bin\server\jvm.dll
0x00007ff99a960000 - 0x00007ff99a968000 	C:\WINDOWS\System32\PSAPI.DLL
0x00007ff992a70000 - 0x00007ff992a79000 	C:\WINDOWS\SYSTEM32\WSOCK32.dll
0x00007ff986f10000 - 0x00007ff986f37000 	C:\WINDOWS\SYSTEM32\WINMM.dll
0x00007ff99ad50000 - 0x00007ff99adbb000 	C:\WINDOWS\System32\WS2_32.dll
0x00007ff997ba0000 - 0x00007ff997bb2000 	C:\WINDOWS\SYSTEM32\kernel.appcore.dll
0x00007ff9929e0000 - 0x00007ff9929ea000 	C:\Program Files\Java\jdk-15.0.1\bin\jimage.dll
0x00007ff9973e0000 - 0x00007ff9975c4000 	C:\WINDOWS\SYSTEM32\DBGHELP.DLL
0x00007ff990850000 - 0x00007ff99087c000 	C:\WINDOWS\SYSTEM32\dbgcore.DLL
0x00007ff999160000 - 0x00007ff9991df000 	C:\WINDOWS\System32\bcryptPrimitives.dll
0x00007ff97ce20000 - 0x00007ff97ce45000 	C:\Program Files\Java\jdk-15.0.1\bin\java.dll
0x00007ff99a210000 - 0x00007ff99a951000 	C:\WINDOWS\System32\SHELL32.dll
0x00007ff996b70000 - 0x00007ff997305000 	C:\WINDOWS\SYSTEM32\windows.storage.dll
0x00007ff999970000 - 0x00007ff999cc5000 	C:\WINDOWS\System32\combase.dll
0x00007ff9989e0000 - 0x00007ff998a0c000 	C:\WINDOWS\SYSTEM32\Wldp.dll
0x00007ff999f00000 - 0x00007ff999fae000 	C:\WINDOWS\System32\SHCORE.dll
0x00007ff99a110000 - 0x00007ff99a165000 	C:\WINDOWS\System32\shlwapi.dll
0x00007ff998f80000 - 0x00007ff998fa6000 	C:\WINDOWS\SYSTEM32\profapi.dll
0x00007ff992860000 - 0x00007ff992879000 	C:\Program Files\Java\jdk-15.0.1\bin\net.dll
0x00007ff98f180000 - 0x00007ff98f280000 	C:\WINDOWS\SYSTEM32\WINHTTP.dll
0x00007ff998770000 - 0x00007ff9987da000 	C:\WINDOWS\system32\mswsock.dll
0x00007ff990120000 - 0x00007ff990132000 	C:\Program Files\Java\jdk-15.0.1\bin\nio.dll
0x00007ff981590000 - 0x00007ff9815a8000 	C:\Program Files\Java\jdk-15.0.1\bin\zip.dll
0x000001d3e7e10000 - 0x000001d3e7e13000 	D:\java\AP4B-Projet\lib\openjfx-11.0.2_windows-x64_bin-sdk\javafx-sdk-11.0.2\bin\api-ms-win-core-console-l1-1-0.dll
0x000001d3e7e20000 - 0x000001d3e7e23000 	D:\java\AP4B-Projet\lib\openjfx-11.0.2_windows-x64_bin-sdk\javafx-sdk-11.0.2\bin\api-ms-win-core-datetime-l1-1-0.dll
0x000001d3e7e30000 - 0x000001d3e7e33000 	D:\java\AP4B-Projet\lib\openjfx-11.0.2_windows-x64_bin-sdk\javafx-sdk-11.0.2\bin\api-ms-win-core-debug-l1-1-0.dll
0x000001d3e9d20000 - 0x000001d3e9d23000 	D:\java\AP4B-Projet\lib\openjfx-11.0.2_windows-x64_bin-sdk\javafx-sdk-11.0.2\bin\api-ms-win-core-errorhandling-l1-1-0.dll
0x000001d3e9d30000 - 0x000001d3e9d34000 	D:\java\AP4B-Projet\lib\openjfx-11.0.2_windows-x64_bin-sdk\javafx-sdk-11.0.2\bin\api-ms-win-core-file-l1-1-0.dll
0x000001d3e9d40000 - 0x000001d3e9d43000 	D:\java\AP4B-Projet\lib\openjfx-11.0.2_windows-x64_bin-sdk\javafx-sdk-11.0.2\bin\api-ms-win-core-file-l1-2-0.dll
0x000001d3e9d50000 - 0x000001d3e9d53000 	D:\java\AP4B-Projet\lib\openjfx-11.0.2_windows-x64_bin-sdk\javafx-sdk-11.0.2\bin\api-ms-win-core-file-l2-1-0.dll
0x000001d3e9d60000 - 0x000001d3e9d63000 	D:\java\AP4B-Projet\lib\openjfx-11.0.2_windows-x64_bin-sdk\javafx-sdk-11.0.2\bin\api-ms-win-core-handle-l1-1-0.dll
0x000001d3e9d70000 - 0x000001d3e9d73000 	D:\java\AP4B-Projet\lib\openjfx-11.0.2_windows-x64_bin-sdk\javafx-sdk-11.0.2\bin\api-ms-win-core-heap-l1-1-0.dll
0x000001d3e9d80000 - 0x000001d3e9d83000 	D:\java\AP4B-Projet\lib\openjfx-11.0.2_windows-x64_bin-sdk\javafx-sdk-11.0.2\bin\api-ms-win-core-interlocked-l1-1-0.dll
0x000001d3e9d90000 - 0x000001d3e9d93000 	D:\java\AP4B-Projet\lib\openjfx-11.0.2_windows-x64_bin-sdk\javafx-sdk-11.0.2\bin\api-ms-win-core-libraryloader-l1-1-0.dll
0x000001d3e9da0000 - 0x000001d3e9da3000 	D:\java\AP4B-Projet\lib\openjfx-11.0.2_windows-x64_bin-sdk\javafx-sdk-11.0.2\bin\api-ms-win-core-localization-l1-2-0.dll
0x000001d3e9db0000 - 0x000001d3e9db3000 	D:\java\AP4B-Projet\lib\openjfx-11.0.2_windows-x64_bin-sdk\javafx-sdk-11.0.2\bin\api-ms-win-core-memory-l1-1-0.dll
0x000001d3e9dc0000 - 0x000001d3e9dc3000 	D:\java\AP4B-Projet\lib\openjfx-11.0.2_windows-x64_bin-sdk\javafx-sdk-11.0.2\bin\api-ms-win-core-namedpipe-l1-1-0.dll
0x000001d3e9dd0000 - 0x000001d3e9dd3000 	D:\java\AP4B-Projet\lib\openjfx-11.0.2_windows-x64_bin-sdk\javafx-sdk-11.0.2\bin\api-ms-win-core-processenvironment-l1-1-0.dll
0x000001d3e9de0000 - 0x000001d3e9de3000 	D:\java\AP4B-Projet\lib\openjfx-11.0.2_windows-x64_bin-sdk\javafx-sdk-11.0.2\bin\api-ms-win-core-processthreads-l1-1-0.dll
0x000001d3fa550000 - 0x000001d3fa553000 	D:\java\AP4B-Projet\lib\openjfx-11.0.2_windows-x64_bin-sdk\javafx-sdk-11.0.2\bin\api-ms-win-core-processthreads-l1-1-1.dll
0x000001d3fa560000 - 0x000001d3fa563000 	D:\java\AP4B-Projet\lib\openjfx-11.0.2_windows-x64_bin-sdk\javafx-sdk-11.0.2\bin\api-ms-win-core-profile-l1-1-0.dll
0x000001d3fa570000 - 0x000001d3fa573000 	D:\java\AP4B-Projet\lib\openjfx-11.0.2_windows-x64_bin-sdk\javafx-sdk-11.0.2\bin\api-ms-win-core-rtlsupport-l1-1-0.dll
0x000001d3fa580000 - 0x000001d3fa583000 	D:\java\AP4B-Projet\lib\openjfx-11.0.2_windows-x64_bin-sdk\javafx-sdk-11.0.2\bin\api-ms-win-core-string-l1-1-0.dll
0x000001d3fa590000 - 0x000001d3fa593000 	D:\java\AP4B-Projet\lib\openjfx-11.0.2_windows-x64_bin-sdk\javafx-sdk-11.0.2\bin\api-ms-win-core-synch-l1-1-0.dll
0x000001d3fa5a0000 - 0x000001d3fa5a3000 	D:\java\AP4B-Projet\lib\openjfx-11.0.2_windows-x64_bin-sdk\javafx-sdk-11.0.2\bin\api-ms-win-core-synch-l1-2-0.dll
0x000001d3fa5b0000 - 0x000001d3fa5b3000 	D:\java\AP4B-Projet\lib\openjfx-11.0.2_windows-x64_bin-sdk\javafx-sdk-11.0.2\bin\api-ms-win-core-sysinfo-l1-1-0.dll
0x000001d3fa5c0000 - 0x000001d3fa5c3000 	D:\java\AP4B-Projet\lib\openjfx-11.0.2_windows-x64_bin-sdk\javafx-sdk-11.0.2\bin\api-ms-win-core-timezone-l1-1-0.dll
0x000001d3fa5d0000 - 0x000001d3fa5d3000 	D:\java\AP4B-Projet\lib\openjfx-11.0.2_windows-x64_bin-sdk\javafx-sdk-11.0.2\bin\api-ms-win-core-util-l1-1-0.dll
0x000001d3fa5e0000 - 0x000001d3fa5e3000 	D:\java\AP4B-Projet\lib\openjfx-11.0.2_windows-x64_bin-sdk\javafx-sdk-11.0.2\bin\api-ms-win-crt-conio-l1-1-0.dll
0x000001d3fa5f0000 - 0x000001d3fa5f4000 	D:\java\AP4B-Projet\lib\openjfx-11.0.2_windows-x64_bin-sdk\javafx-sdk-11.0.2\bin\api-ms-win-crt-convert-l1-1-0.dll
0x000001d3fa600000 - 0x000001d3fa603000 	D:\java\AP4B-Projet\lib\openjfx-11.0.2_windows-x64_bin-sdk\javafx-sdk-11.0.2\bin\api-ms-win-crt-environment-l1-1-0.dll
0x000001d3fa610000 - 0x000001d3fa613000 	D:\java\AP4B-Projet\lib\openjfx-11.0.2_windows-x64_bin-sdk\javafx-sdk-11.0.2\bin\api-ms-win-crt-filesystem-l1-1-0.dll
0x000001d3fa620000 - 0x000001d3fa623000 	D:\java\AP4B-Projet\lib\openjfx-11.0.2_windows-x64_bin-sdk\javafx-sdk-11.0.2\bin\api-ms-win-crt-heap-l1-1-0.dll
0x000001d3fa630000 - 0x000001d3fa633000 	D:\java\AP4B-Projet\lib\openjfx-11.0.2_windows-x64_bin-sdk\javafx-sdk-11.0.2\bin\api-ms-win-crt-locale-l1-1-0.dll
0x000001d3fa640000 - 0x000001d3fa645000 	D:\java\AP4B-Projet\lib\openjfx-11.0.2_windows-x64_bin-sdk\javafx-sdk-11.0.2\bin\api-ms-win-crt-math-l1-1-0.dll
0x000001d3fa650000 - 0x000001d3fa655000 	D:\java\AP4B-Projet\lib\openjfx-11.0.2_windows-x64_bin-sdk\javafx-sdk-11.0.2\bin\api-ms-win-crt-multibyte-l1-1-0.dll
0x000001d3fa660000 - 0x000001d3fa670000 	D:\java\AP4B-Projet\lib\openjfx-11.0.2_windows-x64_bin-sdk\javafx-sdk-11.0.2\bin\api-ms-win-crt-private-l1-1-0.dll
0x000001d3fa670000 - 0x000001d3fa673000 	D:\java\AP4B-Projet\lib\openjfx-11.0.2_windows-x64_bin-sdk\javafx-sdk-11.0.2\bin\api-ms-win-crt-process-l1-1-0.dll
0x000001d3fa680000 - 0x000001d3fa684000 	D:\java\AP4B-Projet\lib\openjfx-11.0.2_windows-x64_bin-sdk\javafx-sdk-11.0.2\bin\api-ms-win-crt-runtime-l1-1-0.dll
0x000001d3fa690000 - 0x000001d3fa694000 	D:\java\AP4B-Projet\lib\openjfx-11.0.2_windows-x64_bin-sdk\javafx-sdk-11.0.2\bin\api-ms-win-crt-stdio-l1-1-0.dll
0x000001d3fa6a0000 - 0x000001d3fa6a4000 	D:\java\AP4B-Projet\lib\openjfx-11.0.2_windows-x64_bin-sdk\javafx-sdk-11.0.2\bin\api-ms-win-crt-string-l1-1-0.dll
0x000001d3fa6b0000 - 0x000001d3fa6b3000 	D:\java\AP4B-Projet\lib\openjfx-11.0.2_windows-x64_bin-sdk\javafx-sdk-11.0.2\bin\api-ms-win-crt-time-l1-1-0.dll
0x000001d3fa6c0000 - 0x000001d3fa6c3000 	D:\java\AP4B-Projet\lib\openjfx-11.0.2_windows-x64_bin-sdk\javafx-sdk-11.0.2\bin\api-ms-win-crt-utility-l1-1-0.dll
0x00007ff965170000 - 0x00007ff96526a000 	D:\java\AP4B-Projet\lib\openjfx-11.0.2_windows-x64_bin-sdk\javafx-sdk-11.0.2\bin\ucrtbase.dll
0x00007ff97db50000 - 0x00007ff97db66000 	D:\java\AP4B-Projet\lib\openjfx-11.0.2_windows-x64_bin-sdk\javafx-sdk-11.0.2\bin\vcruntime140.dll
0x00007ff9653a0000 - 0x00007ff965446000 	D:\java\AP4B-Projet\lib\openjfx-11.0.2_windows-x64_bin-sdk\javafx-sdk-11.0.2\bin\msvcp140.dll
0x00007ff97daf0000 - 0x00007ff97db41000 	D:\java\AP4B-Projet\lib\openjfx-11.0.2_windows-x64_bin-sdk\javafx-sdk-11.0.2\bin\concrt140.dll
0x00007ff97c910000 - 0x00007ff97c933000 	D:\java\AP4B-Projet\lib\openjfx-11.0.2_windows-x64_bin-sdk\javafx-sdk-11.0.2\bin\prism_d3d.dll
0x00007ff975d30000 - 0x00007ff975efe000 	C:\WINDOWS\system32\d3d9.dll
0x00007ff9966a0000 - 0x00007ff9966cf000 	C:\WINDOWS\SYSTEM32\dwmapi.dll
0x00007ff9964b0000 - 0x00007ff99654e000 	C:\WINDOWS\system32\uxtheme.dll
0x00007ff986f40000 - 0x00007ff98711d000 	C:\Windows\System32\DriverStore\FileRepository\u0355756.inf_amd64_5146fc3a012e7afa\B354291\aticfx64.dll
0x00007ff97c3c0000 - 0x00007ff97c3f0000 	C:\WINDOWS\System32\DriverStore\FileRepository\u0355756.inf_amd64_5146fc3a012e7afa\B354291\atiu9p64.dll
0x00007ff9541b0000 - 0x00007ff954e7b000 	C:\Windows\System32\DriverStore\FileRepository\u0355756.inf_amd64_5146fc3a012e7afa\B354291\atiumd64.dll
0x00007ff99b150000 - 0x00007ff99b27a000 	C:\WINDOWS\System32\ole32.dll
0x00000000578d0000 - 0x0000000058653000 	C:\WINDOWS\System32\DriverStore\FileRepository\u0355756.inf_amd64_5146fc3a012e7afa\B354291\atiumd6a.dll
0x00007ff998eb0000 - 0x00007ff998efb000 	C:\WINDOWS\SYSTEM32\POWRPROF.dll
0x00007ff998e90000 - 0x00007ff998ea2000 	C:\WINDOWS\SYSTEM32\UMPDC.dll
0x00007ff97bb90000 - 0x00007ff97bbd5000 	D:\java\AP4B-Projet\lib\openjfx-11.0.2_windows-x64_bin-sdk\javafx-sdk-11.0.2\bin\glass.dll
0x00007ff999cf0000 - 0x00007ff999dca000 	C:\WINDOWS\System32\COMDLG32.dll
0x00007ff99a970000 - 0x00007ff99aa3d000 	C:\WINDOWS\System32\OLEAUT32.dll
0x00007ff99afa0000 - 0x00007ff99b0b5000 	C:\WINDOWS\System32\MSCTF.dll
0x00007ff987120000 - 0x00007ff98715b000 	C:\WINDOWS\SYSTEM32\dxcore.dll
0x00007ff9994e0000 - 0x00007ff99952e000 	C:\WINDOWS\System32\cfgmgr32.dll
0x00007ff97ce00000 - 0x00007ff97ce14000 	D:\java\AP4B-Projet\lib\openjfx-11.0.2_windows-x64_bin-sdk\javafx-sdk-11.0.2\bin\javafx_font.dll
0x00007ff983e20000 - 0x00007ff98409f000 	C:\WINDOWS\SYSTEM32\dwrite.dll
0x00007ff99aef0000 - 0x00007ff99af99000 	C:\WINDOWS\System32\clbcatq.dll
0x00007ff98c420000 - 0x00007ff98c5d4000 	C:\WINDOWS\SYSTEM32\WindowsCodecs.dll
0x00007ff999940000 - 0x00007ff999967000 	C:\WINDOWS\System32\bcrypt.dll
0x00007ff96b8a0000 - 0x00007ff96b8de000 	C:\WINDOWS\system32\dataexchange.dll
0x00007ff994fd0000 - 0x00007ff995234000 	C:\WINDOWS\system32\d3d11.dll
0x00007ff995800000 - 0x00007ff9959e5000 	C:\WINDOWS\system32\dcomp.dll
0x00007ff997980000 - 0x00007ff997a73000 	C:\WINDOWS\system32\dxgi.dll
0x00007ff992010000 - 0x00007ff992218000 	C:\WINDOWS\system32\twinapi.appcore.dll
0x00007ff97b000000 - 0x00007ff97b034000 	C:\Program Files\Common Files\Microsoft Shared\Ink\rtscom.dll
0x00007ff98c1d0000 - 0x00007ff98c2cc000 	C:\WINDOWS\SYSTEM32\textinputframework.dll
0x00007ff9959f0000 - 0x00007ff995d4e000 	C:\WINDOWS\System32\CoreUIComponents.dll
0x00007ff9960d0000 - 0x00007ff9961c2000 	C:\WINDOWS\System32\CoreMessaging.dll
0x00007ff997d90000 - 0x00007ff997dc3000 	C:\WINDOWS\SYSTEM32\ntmarta.dll
0x00007ff994a10000 - 0x00007ff994b66000 	C:\WINDOWS\SYSTEM32\wintypes.dll
0x00007ff995240000 - 0x00007ff995800000 	C:\WINDOWS\SYSTEM32\d2d1.dll
0x00007ff987420000 - 0x00007ff987b16000 	C:\WINDOWS\SYSTEM32\D3D10Warp.dll

dbghelp: loaded successfully - version: 4.0.5 - missing functions: none
symbol engine: initialized successfully - sym options: 0x614 - pdb path: .;C:\Program Files\Java\jdk-15.0.1\bin;C:\WINDOWS\SYSTEM32;C:\WINDOWS\WinSxS\amd64_microsoft.windows.common-controls_6595b64144ccf1df_6.0.19041.488_none_ca04af081b815d21;C:\Program Files\Java\jdk-15.0.1\bin\server;D:\java\AP4B-Projet\lib\openjfx-11.0.2_windows-x64_bin-sdk\javafx-sdk-11.0.2\bin;C:\Windows\System32\DriverStore\FileRepository\u0355756.inf_amd64_5146fc3a012e7afa\B354291;C:\Program Files\Common Files\Microsoft Shared\Ink

VM Arguments:
jvm_args: -Dfile.encoding=Cp1252 --module-path=D:\java\AP4B-Projet\bin;D:\java\AP4B-Projet\lib\JavaFXSmartGraph-0.9.2.jar;D:\java\AP4B-Projet\lib\openjfx-11.0.2_windows-x64_bin-sdk\javafx-sdk-11.0.2\lib\javafx.base.jar;D:\java\AP4B-Projet\lib\openjfx-11.0.2_windows-x64_bin-sdk\javafx-sdk-11.0.2\lib\javafx.controls.jar;D:\java\AP4B-Projet\lib\openjfx-11.0.2_windows-x64_bin-sdk\javafx-sdk-11.0.2\lib\javafx.fxml.jar;D:\java\AP4B-Projet\lib\openjfx-11.0.2_windows-x64_bin-sdk\javafx-sdk-11.0.2\lib\javafx.graphics.jar;D:\java\AP4B-Projet\lib\openjfx-11.0.2_windows-x64_bin-sdk\javafx-sdk-11.0.2\lib\javafx.media.jar;D:\java\AP4B-Projet\lib\openjfx-11.0.2_windows-x64_bin-sdk\javafx-sdk-11.0.2\lib\javafx.swing.jar;D:\java\AP4B-Projet\lib\openjfx-11.0.2_windows-x64_bin-sdk\javafx-sdk-11.0.2\lib\javafx.web.jar;D:\java\AP4B-Projet\lib\openjfx-11.0.2_windows-x64_bin-sdk\javafx-sdk-11.0.2\lib\javafx-swt.jar -XX:+ShowCodeDetailsInExceptionMessages -Djdk.module.main=ap4b 
java_command: ap4b/fr.utbm.ap4b.DisplayManager
java_class_path (initial): <not set>
Launcher Type: SUN_STANDARD

[Global flags]
     intx CICompilerCount                          = 4                                         {product} {ergonomic}
     uint ConcGCThreads                            = 2                                         {product} {ergonomic}
     uint G1ConcRefinementThreads                  = 8                                         {product} {ergonomic}
   size_t G1HeapRegionSize                         = 1048576                                   {product} {ergonomic}
    uintx GCDrainStackTargetSize                   = 64                                        {product} {ergonomic}
   size_t InitialHeapSize                          = 117440512                                 {product} {ergonomic}
   size_t MarkStackSize                            = 4194304                                   {product} {ergonomic}
   size_t MaxHeapSize                              = 1862270976                                {product} {ergonomic}
   size_t MaxNewSize                               = 1116733440                                {product} {ergonomic}
   size_t MinHeapDeltaBytes                        = 1048576                                   {product} {ergonomic}
   size_t MinHeapSize                              = 8388608                                   {product} {ergonomic}
    uintx NonNMethodCodeHeapSize                   = 5839372                                {pd product} {ergonomic}
    uintx NonProfiledCodeHeapSize                  = 122909434                              {pd product} {ergonomic}
    uintx ProfiledCodeHeapSize                     = 122909434                              {pd product} {ergonomic}
    uintx ReservedCodeCacheSize                    = 251658240                              {pd product} {ergonomic}
     bool SegmentedCodeCache                       = true                                      {product} {ergonomic}
     bool ShowCodeDetailsInExceptionMessages       = true                                   {manageable} {command line}
   size_t SoftMaxHeapSize                          = 1862270976                             {manageable} {ergonomic}
     bool UseCompressedClassPointers               = true                                 {lp64_product} {ergonomic}
     bool UseCompressedOops                        = true                                 {lp64_product} {ergonomic}
     bool UseG1GC                                  = true                                      {product} {ergonomic}
     bool UseLargePagesIndividualAllocation        = false                                  {pd product} {ergonomic}

Logging:
Log output configuration:
 #0: stdout all=warning uptime,level,tags
 #1: stderr all=off uptime,level,tags

Environment Variables:
PATH=C:/Program Files/Java/jdk-15.0.1/bin/server;C:/Program Files/Java/jdk-15.0.1/bin;C:\Program Files\Common Files\Oracle\Java\javapath;C:\WINDOWS\system32;C:\WINDOWS;C:\WINDOWS\System32\Wbem;C:\WINDOWS\System32\WindowsPowerShell\v1.0\;C:\WINDOWS\System32\OpenSSH\;D:\logiciels INFO\Git\cmd;"C:\Users\modby\AppData\Local\Microsoft\WindowsApps;C:\MinGW\bin";;C:\Users\modby\OneDrive\Bureau;
USERNAME=modby
OS=Windows_NT
PROCESSOR_IDENTIFIER=AMD64 Family 23 Model 24 Stepping 1, AuthenticAMD



---------------  S Y S T E M  ---------------

OS:
 Windows 10 , 64 bit Build 19041 (10.0.19041.546)
OS uptime: 33 days 22:35 hours

CPU: total 8 (initial active 8) (8 cores per cpu, 2 threads per core) family 23 model 24 stepping 1 microcode 0x0, cmov, cx8, fxsr, mmx, sse, sse2, sse3, ssse3, sse4.1, sse4.2, popcnt, vzeroupper, avx, avx2, aes, clmul, 3dnowpref, lzcnt, sse4a, ht, tsc, tscinvbit, tscinv, bmi1, bmi2, adx, sha, fma, clflush, clflushopt

Memory: 4k page, system-wide physical 7103M (487M free)
TotalPageFile size 17343M (AvailPageFile size 0M)
current process WorkingSet (physical memory assigned to process): 142M, peak: 160M
current process commit charge ("private bytes"): 282M, peak: 300M

vm_info: Java HotSpot(TM) 64-Bit Server VM (15.0.1+9-18) for windows-amd64 JRE (15.0.1+9-18), built on Sep 15 2020 14:43:54 by "mach5one" with unknown MS VC++:1925

END.
