#
# There is insufficient memory for the Java Runtime Environment to continue.
# Native memory allocation (malloc) failed to allocate 1180560 bytes for Chunk::new
# Possible reasons:
#   The system is out of physical RAM or swap space
#   The process is running with CompressedOops enabled, and the Java Heap may be blocking the growth of the native heap
# Possible solutions:
#   Reduce memory load on the system
#   Increase physical memory or swap space
#   Check if swap backing store is full
#   Decrease Java heap size (-Xmx/-Xms)
#   Decrease number of Java threads
#   Decrease Java thread stack sizes (-Xss)
#   Set larger code cache with -XX:ReservedCodeCacheSize=
#   JVM is running with Unscaled Compressed Oops mode in which the Java heap is
#     placed in the first 4GB address space. The Java Heap base address is the
#     maximum limit for the native heap growth. Please use -XX:HeapBaseMinAddress
#     to set the Java Heap base and to place the Java Heap above 4GB virtual address.
# This output file may be truncated or incomplete.
#
#  Out of Memory Error (./open/src/hotspot/share/memory/arena.cpp:195), pid=8636, tid=12420
#
# JRE version: Java(TM) SE Runtime Environment (15.0.1+9) (build 15.0.1+9-18)
# Java VM: Java HotSpot(TM) 64-Bit Server VM (15.0.1+9-18, mixed mode, sharing, tiered, compressed oops, g1 gc, windows-amd64)
# No core dump will be written. Minidumps are not enabled by default on client versions of Windows
#

---------------  S U M M A R Y ------------

Command Line: -Dfile.encoding=Cp1252 --module-path=D:\java\AP4B-Projet\bin;D:\java\AP4B-Projet\lib\JavaFXSmartGraph-0.9.2.jar;D:\java\AP4B-Projet\lib\openjfx-11.0.2_windows-x64_bin-sdk\javafx-sdk-11.0.2\lib\javafx.base.jar;D:\java\AP4B-Projet\lib\openjfx-11.0.2_windows-x64_bin-sdk\javafx-sdk-11.0.2\lib\javafx.controls.jar;D:\java\AP4B-Projet\lib\openjfx-11.0.2_windows-x64_bin-sdk\javafx-sdk-11.0.2\lib\javafx.fxml.jar;D:\java\AP4B-Projet\lib\openjfx-11.0.2_windows-x64_bin-sdk\javafx-sdk-11.0.2\lib\javafx.graphics.jar;D:\java\AP4B-Projet\lib\openjfx-11.0.2_windows-x64_bin-sdk\javafx-sdk-11.0.2\lib\javafx.media.jar;D:\java\AP4B-Projet\lib\openjfx-11.0.2_windows-x64_bin-sdk\javafx-sdk-11.0.2\lib\javafx.swing.jar;D:\java\AP4B-Projet\lib\openjfx-11.0.2_windows-x64_bin-sdk\javafx-sdk-11.0.2\lib\javafx.web.jar;D:\java\AP4B-Projet\lib\openjfx-11.0.2_windows-x64_bin-sdk\javafx-sdk-11.0.2\lib\javafx-swt.jar -XX:+ShowCodeDetailsInExceptionMessages -Djdk.module.main=ap4b ap4b/fr.utbm.ap4b.DisplayManager

Host: AMD Ryzen 7 3700U with Radeon Vega Mobile Gfx  , 8 cores, 6G,  Windows 10 , 64 bit Build 19041 (10.0.19041.546)
Time: Wed Jan  6 15:58:50 2021 Paris, Madrid elapsed time: 2.602397 seconds (0d 0h 0m 2s)

---------------  T H R E A D  ---------------

Current thread (0x000001d6fc0fe580):  JavaThread "C2 CompilerThread1" daemon [_thread_in_native, id=12420, stack(0x00000012fbb00000,0x00000012fbc00000)]


Current CompileTask:
C2:   2602 2284 %     4       com.sun.marlin.DRenderer::_endRendering @ 763 (2473 bytes)

Stack: [0x00000012fbb00000,0x00000012fbc00000]
Native frames: (J=compiled Java code, j=interpreted, Vv=VM code, C=native code)
V  [jvm.dll+0x62ae9a]
V  [jvm.dll+0x781389]
V  [jvm.dll+0x782ae3]
V  [jvm.dll+0x783143]
V  [jvm.dll+0x216265]
V  [jvm.dll+0x97efa]
V  [jvm.dll+0x985dc]
V  [jvm.dll+0x32e525]
V  [jvm.dll+0x18e2e1]
V  [jvm.dll+0x1ea762]
V  [jvm.dll+0x1e98ae]
V  [jvm.dll+0x1784c7]
V  [jvm.dll+0x1f9165]
V  [jvm.dll+0x1f720c]
V  [jvm.dll+0x74485d]
V  [jvm.dll+0x73d65a]
V  [jvm.dll+0x629c56]
C  [ucrtbase.dll+0x214c2]
C  [KERNEL32.DLL+0x17034]
C  [ntdll.dll+0x4cec1]


---------------  P R O C E S S  ---------------

Threads class SMR info:
_java_thread_list=0x000001d6ff24ee70, length=19, elements={
0x000001d6ea44dab0, 0x000001d6fb554e20, 0x000001d6fb557910, 0x000001d6fb571e80,
0x000001d6fb572840, 0x000001d6fb573200, 0x000001d6fb57ee20, 0x000001d6fb582cd0,
0x000001d6fb58bda0, 0x000001d6fb53dc20, 0x000001d6fc0fe580, 0x000001d6fc63c240,
0x000001d6fd0f9a70, 0x000001d6fd312e10, 0x000001d6fd2ea820, 0x000001d6fc31e5b0,
0x000001d6fd03d700, 0x000001d6fd973960, 0x000001d6fdaee6d0
}

Java Threads: ( => current thread )
  0x000001d6ea44dab0 JavaThread "main" [_thread_blocked, id=16184, stack(0x00000012fab00000,0x00000012fac00000)]
  0x000001d6fb554e20 JavaThread "Reference Handler" daemon [_thread_blocked, id=5808, stack(0x00000012fb200000,0x00000012fb300000)]
  0x000001d6fb557910 JavaThread "Finalizer" daemon [_thread_blocked, id=20876, stack(0x00000012fb300000,0x00000012fb400000)]
  0x000001d6fb571e80 JavaThread "Signal Dispatcher" daemon [_thread_blocked, id=16008, stack(0x00000012fb400000,0x00000012fb500000)]
  0x000001d6fb572840 JavaThread "Attach Listener" daemon [_thread_blocked, id=15396, stack(0x00000012fb500000,0x00000012fb600000)]
  0x000001d6fb573200 JavaThread "Service Thread" daemon [_thread_blocked, id=18520, stack(0x00000012fb600000,0x00000012fb700000)]
  0x000001d6fb57ee20 JavaThread "C2 CompilerThread0" daemon [_thread_in_native, id=21460, stack(0x00000012fb700000,0x00000012fb800000)]
  0x000001d6fb582cd0 JavaThread "C1 CompilerThread0" daemon [_thread_in_native, id=19360, stack(0x00000012fb800000,0x00000012fb900000)]
  0x000001d6fb58bda0 JavaThread "Sweeper thread" daemon [_thread_blocked, id=19064, stack(0x00000012fb900000,0x00000012fba00000)]
  0x000001d6fb53dc20 JavaThread "Common-Cleaner" daemon [_thread_blocked, id=14048, stack(0x00000012fba00000,0x00000012fbb00000)]
=>0x000001d6fc0fe580 JavaThread "C2 CompilerThread1" daemon [_thread_in_native, id=12420, stack(0x00000012fbb00000,0x00000012fbc00000)]
  0x000001d6fc63c240 JavaThread "Notification Thread" daemon [_thread_blocked, id=9740, stack(0x00000012fbd00000,0x00000012fbe00000)]
  0x000001d6fd0f9a70 JavaThread "QuantumRenderer-0" daemon [_thread_in_native, id=19976, stack(0x00000012fbf00000,0x00000012fc000000)]
  0x000001d6fd312e10 JavaThread "InvokeLaterDispatcher" daemon [_thread_blocked, id=15816, stack(0x00000012fc200000,0x00000012fc300000)]
  0x000001d6fd2ea820 JavaThread "JavaFX Application Thread" [_thread_in_native, id=8828, stack(0x00000012fc300000,0x00000012fc400000)]
  0x000001d6fc31e5b0 JavaThread "Thread-1" daemon [_thread_in_native, id=18944, stack(0x00000012fca00000,0x00000012fcb00000)]
  0x000001d6fd03d700 JavaThread "JavaFX-Launcher" [_thread_blocked, id=20844, stack(0x00000012fcb00000,0x00000012fcc00000)]
  0x000001d6fd973960 JavaThread "Prism Font Disposer" daemon [_thread_blocked, id=8624, stack(0x00000012fd000000,0x00000012fd100000)]
  0x000001d6fdaee6d0 JavaThread "Cleaner-0" daemon [_thread_blocked, id=22960, stack(0x00000012fd200000,0x00000012fd300000)]

Other Threads:
  0x000001d6fb553690 VMThread "VM Thread" [stack: 0x00000012fb100000,0x00000012fb200000] [id=9832]
  0x000001d6ea44ebe0 WatcherThread [stack: 0x00000012fbe00000,0x00000012fbf00000] [id=15380]
  0x000001d6ea48cbe0 GCTaskThread "GC Thread#0" [stack: 0x00000012fac00000,0x00000012fad00000] [id=22572]
  0x000001d6fc623b60 GCTaskThread "GC Thread#1" [stack: 0x00000012fbc00000,0x00000012fbd00000] [id=22796]
  0x000001d6fc6251b0 GCTaskThread "GC Thread#2" [stack: 0x00000012fcc00000,0x00000012fcd00000] [id=12176]
  0x000001d6fc623e90 GCTaskThread "GC Thread#3" [stack: 0x00000012fcd00000,0x00000012fce00000] [id=8128]
  0x000001d6fc621eb0 GCTaskThread "GC Thread#4" [stack: 0x00000012fce00000,0x00000012fcf00000] [id=3532]
  0x000001d6fc624b50 GCTaskThread "GC Thread#5" [stack: 0x00000012fcf00000,0x00000012fd000000] [id=1952]
  0x000001d6ea49da60 ConcurrentGCThread "G1 Main Marker" [stack: 0x00000012fad00000,0x00000012fae00000] [id=10376]
  0x000001d6ea49fbb0 ConcurrentGCThread "G1 Conc#0" [stack: 0x00000012fae00000,0x00000012faf00000] [id=20216]
  0x000001d6ea517230 ConcurrentGCThread "G1 Refine#0" [stack: 0x00000012faf00000,0x00000012fb000000] [id=17396]
  0x000001d6ea517a80 ConcurrentGCThread "G1 Young RemSet Sampling" [stack: 0x00000012fb000000,0x00000012fb100000] [id=2500]

Threads with active compile tasks:
C2 CompilerThread0     2635 2443       4       javafx.scene.Node::doMarkDirty (27 bytes)
C2 CompilerThread1     2636 2284 %     4       com.sun.marlin.DRenderer::_endRendering @ 763 (2473 bytes)

VM state: not at safepoint (normal execution)

VM Mutex/Monitor currently owned by a thread: None

Heap address: 0x0000000091000000, size: 1776 MB, Compressed Oops mode: 32-bit
CDS archive(s) mapped at: [0x0000000800000000-0x0000000800b50000-0x0000000800b50000), size 11862016, SharedBaseAddress: 0x0000000800000000, ArchiveRelocationMode: 0.
Compressed class space mapped at: 0x0000000800b50000-0x0000000840b50000, size: 1073741824
Narrow klass base: 0x0000000800000000, Narrow klass shift: 3, Narrow klass range: 0x100000000

GC Precious Log:
 CPUs: 8 total, 8 available
 Memory: 7103M
 Large Page Support: Disabled
 NUMA Support: Disabled
 Compressed Oops: Enabled (32-bit)
 Heap Region Size: 1M
 Heap Min Capacity: 8M
 Heap Initial Capacity: 112M
 Heap Max Capacity: 1776M
 Pre-touch: Disabled
 Parallel Workers: 8
 Concurrent Workers: 2
 Concurrent Refinement Workers: 8
 Periodic GC: Disabled

Heap:
 garbage-first heap   total 114688K, used 39946K [0x0000000091000000, 0x0000000100000000)
  region size 1024K, 34 young (34816K), 3 survivors (3072K)
 Metaspace       used 13923K, capacity 15085K, committed 15104K, reserved 1062912K
  class space    used 1929K, capacity 2036K, committed 2048K, reserved 1048576K

Heap Regions: E=young(eden), S=young(survivor), O=old, HS=humongous(starts), HC=humongous(continues), CS=collection set, F=free, OA=open archive, CA=closed archive, TAMS=top-at-mark-start (previous, next)
|   0|0x0000000091000000, 0x0000000091100000, 0x0000000091100000|100%|HS|  |TAMS 0x0000000091000000, 0x0000000091000000| Complete 
|   1|0x0000000091100000, 0x0000000091200000, 0x0000000091200000|100%|HC|  |TAMS 0x0000000091100000, 0x0000000091100000| Complete 
|   2|0x0000000091200000, 0x0000000091202a00, 0x0000000091300000|  1%| O|  |TAMS 0x0000000091200000, 0x0000000091200000| Untracked 
|   3|0x0000000091300000, 0x0000000091400000, 0x0000000091400000|100%|HS|  |TAMS 0x0000000091300000, 0x0000000091300000| Complete 
|   4|0x0000000091400000, 0x0000000091500000, 0x0000000091500000|100%|HC|  |TAMS 0x0000000091400000, 0x0000000091400000| Complete 
|   5|0x0000000091500000, 0x0000000091600000, 0x0000000091600000|100%|HS|  |TAMS 0x0000000091500000, 0x0000000091500000| Complete 
|   6|0x0000000091600000, 0x0000000091700000, 0x0000000091700000|100%|HC|  |TAMS 0x0000000091600000, 0x0000000091600000| Complete 
|   7|0x0000000091700000, 0x0000000091700000, 0x0000000091800000|  0%| F|  |TAMS 0x0000000091700000, 0x0000000091700000| Untracked 
|   8|0x0000000091800000, 0x0000000091800000, 0x0000000091900000|  0%| F|  |TAMS 0x0000000091800000, 0x0000000091800000| Untracked 
|   9|0x0000000091900000, 0x0000000091900000, 0x0000000091a00000|  0%| F|  |TAMS 0x0000000091900000, 0x0000000091900000| Untracked 
|  10|0x0000000091a00000, 0x0000000091a00000, 0x0000000091b00000|  0%| F|  |TAMS 0x0000000091a00000, 0x0000000091a00000| Untracked 
|  11|0x0000000091b00000, 0x0000000091b00000, 0x0000000091c00000|  0%| F|  |TAMS 0x0000000091b00000, 0x0000000091b00000| Untracked 
|  12|0x0000000091c00000, 0x0000000091c00000, 0x0000000091d00000|  0%| F|  |TAMS 0x0000000091c00000, 0x0000000091c00000| Untracked 
|  13|0x0000000091d00000, 0x0000000091d00000, 0x0000000091e00000|  0%| F|  |TAMS 0x0000000091d00000, 0x0000000091d00000| Untracked 
|  14|0x0000000091e00000, 0x0000000091e00000, 0x0000000091f00000|  0%| F|  |TAMS 0x0000000091e00000, 0x0000000091e00000| Untracked 
|  15|0x0000000091f00000, 0x0000000091f00000, 0x0000000092000000|  0%| F|  |TAMS 0x0000000091f00000, 0x0000000091f00000| Untracked 
|  16|0x0000000092000000, 0x0000000092000000, 0x0000000092100000|  0%| F|  |TAMS 0x0000000092000000, 0x0000000092000000| Untracked 
|  17|0x0000000092100000, 0x0000000092100000, 0x0000000092200000|  0%| F|  |TAMS 0x0000000092100000, 0x0000000092100000| Untracked 
|  18|0x0000000092200000, 0x0000000092200000, 0x0000000092300000|  0%| F|  |TAMS 0x0000000092200000, 0x0000000092200000| Untracked 
|  19|0x0000000092300000, 0x0000000092300000, 0x0000000092400000|  0%| F|  |TAMS 0x0000000092300000, 0x0000000092300000| Untracked 
|  20|0x0000000092400000, 0x0000000092400000, 0x0000000092500000|  0%| F|  |TAMS 0x0000000092400000, 0x0000000092400000| Untracked 
|  21|0x0000000092500000, 0x0000000092500000, 0x0000000092600000|  0%| F|  |TAMS 0x0000000092500000, 0x0000000092500000| Untracked 
|  22|0x0000000092600000, 0x0000000092600000, 0x0000000092700000|  0%| F|  |TAMS 0x0000000092600000, 0x0000000092600000| Untracked 
|  23|0x0000000092700000, 0x0000000092700000, 0x0000000092800000|  0%| F|  |TAMS 0x0000000092700000, 0x0000000092700000| Untracked 
|  24|0x0000000092800000, 0x0000000092800000, 0x0000000092900000|  0%| F|  |TAMS 0x0000000092800000, 0x0000000092800000| Untracked 
|  25|0x0000000092900000, 0x0000000092900000, 0x0000000092a00000|  0%| F|  |TAMS 0x0000000092900000, 0x0000000092900000| Untracked 
|  26|0x0000000092a00000, 0x0000000092a00000, 0x0000000092b00000|  0%| F|  |TAMS 0x0000000092a00000, 0x0000000092a00000| Untracked 
|  27|0x0000000092b00000, 0x0000000092b00000, 0x0000000092c00000|  0%| F|  |TAMS 0x0000000092b00000, 0x0000000092b00000| Untracked 
|  28|0x0000000092c00000, 0x0000000092c00000, 0x0000000092d00000|  0%| F|  |TAMS 0x0000000092c00000, 0x0000000092c00000| Untracked 
|  29|0x0000000092d00000, 0x0000000092d00000, 0x0000000092e00000|  0%| F|  |TAMS 0x0000000092d00000, 0x0000000092d00000| Untracked 
|  30|0x0000000092e00000, 0x0000000092e00000, 0x0000000092f00000|  0%| F|  |TAMS 0x0000000092e00000, 0x0000000092e00000| Untracked 
|  31|0x0000000092f00000, 0x0000000092f00000, 0x0000000093000000|  0%| F|  |TAMS 0x0000000092f00000, 0x0000000092f00000| Untracked 
|  32|0x0000000093000000, 0x0000000093000000, 0x0000000093100000|  0%| F|  |TAMS 0x0000000093000000, 0x0000000093000000| Untracked 
|  33|0x0000000093100000, 0x0000000093100000, 0x0000000093200000|  0%| F|  |TAMS 0x0000000093100000, 0x0000000093100000| Untracked 
|  34|0x0000000093200000, 0x0000000093200000, 0x0000000093300000|  0%| F|  |TAMS 0x0000000093200000, 0x0000000093200000| Untracked 
|  35|0x0000000093300000, 0x0000000093300000, 0x0000000093400000|  0%| F|  |TAMS 0x0000000093300000, 0x0000000093300000| Untracked 
|  36|0x0000000093400000, 0x0000000093400000, 0x0000000093500000|  0%| F|  |TAMS 0x0000000093400000, 0x0000000093400000| Untracked 
|  37|0x0000000093500000, 0x0000000093500000, 0x0000000093600000|  0%| F|  |TAMS 0x0000000093500000, 0x0000000093500000| Untracked 
|  38|0x0000000093600000, 0x0000000093600000, 0x0000000093700000|  0%| F|  |TAMS 0x0000000093600000, 0x0000000093600000| Untracked 
|  39|0x0000000093700000, 0x0000000093700000, 0x0000000093800000|  0%| F|  |TAMS 0x0000000093700000, 0x0000000093700000| Untracked 
|  40|0x0000000093800000, 0x0000000093800000, 0x0000000093900000|  0%| F|  |TAMS 0x0000000093800000, 0x0000000093800000| Untracked 
|  41|0x0000000093900000, 0x0000000093900000, 0x0000000093a00000|  0%| F|  |TAMS 0x0000000093900000, 0x0000000093900000| Untracked 
|  42|0x0000000093a00000, 0x0000000093a00000, 0x0000000093b00000|  0%| F|  |TAMS 0x0000000093a00000, 0x0000000093a00000| Untracked 
|  43|0x0000000093b00000, 0x0000000093b00000, 0x0000000093c00000|  0%| F|  |TAMS 0x0000000093b00000, 0x0000000093b00000| Untracked 
|  44|0x0000000093c00000, 0x0000000093c00000, 0x0000000093d00000|  0%| F|  |TAMS 0x0000000093c00000, 0x0000000093c00000| Untracked 
|  45|0x0000000093d00000, 0x0000000093d00000, 0x0000000093e00000|  0%| F|  |TAMS 0x0000000093d00000, 0x0000000093d00000| Untracked 
|  46|0x0000000093e00000, 0x0000000093e00000, 0x0000000093f00000|  0%| F|  |TAMS 0x0000000093e00000, 0x0000000093e00000| Untracked 
|  47|0x0000000093f00000, 0x0000000093f00000, 0x0000000094000000|  0%| F|  |TAMS 0x0000000093f00000, 0x0000000093f00000| Untracked 
|  48|0x0000000094000000, 0x0000000094000000, 0x0000000094100000|  0%| F|  |TAMS 0x0000000094000000, 0x0000000094000000| Untracked 
|  49|0x0000000094100000, 0x0000000094100000, 0x0000000094200000|  0%| F|  |TAMS 0x0000000094100000, 0x0000000094100000| Untracked 
|  50|0x0000000094200000, 0x0000000094200000, 0x0000000094300000|  0%| F|  |TAMS 0x0000000094200000, 0x0000000094200000| Untracked 
|  51|0x0000000094300000, 0x0000000094300000, 0x0000000094400000|  0%| F|  |TAMS 0x0000000094300000, 0x0000000094300000| Untracked 
|  52|0x0000000094400000, 0x0000000094400000, 0x0000000094500000|  0%| F|  |TAMS 0x0000000094400000, 0x0000000094400000| Untracked 
|  53|0x0000000094500000, 0x0000000094500000, 0x0000000094600000|  0%| F|  |TAMS 0x0000000094500000, 0x0000000094500000| Untracked 
|  54|0x0000000094600000, 0x0000000094600000, 0x0000000094700000|  0%| F|  |TAMS 0x0000000094600000, 0x0000000094600000| Untracked 
|  55|0x0000000094700000, 0x0000000094700000, 0x0000000094800000|  0%| F|  |TAMS 0x0000000094700000, 0x0000000094700000| Untracked 
|  56|0x0000000094800000, 0x0000000094800000, 0x0000000094900000|  0%| F|  |TAMS 0x0000000094800000, 0x0000000094800000| Untracked 
|  57|0x0000000094900000, 0x0000000094900000, 0x0000000094a00000|  0%| F|  |TAMS 0x0000000094900000, 0x0000000094900000| Untracked 
|  58|0x0000000094a00000, 0x0000000094a00000, 0x0000000094b00000|  0%| F|  |TAMS 0x0000000094a00000, 0x0000000094a00000| Untracked 
|  59|0x0000000094b00000, 0x0000000094b00000, 0x0000000094c00000|  0%| F|  |TAMS 0x0000000094b00000, 0x0000000094b00000| Untracked 
|  60|0x0000000094c00000, 0x0000000094c00000, 0x0000000094d00000|  0%| F|  |TAMS 0x0000000094c00000, 0x0000000094c00000| Untracked 
|  61|0x0000000094d00000, 0x0000000094d00000, 0x0000000094e00000|  0%| F|  |TAMS 0x0000000094d00000, 0x0000000094d00000| Untracked 
|  62|0x0000000094e00000, 0x0000000094e00000, 0x0000000094f00000|  0%| F|  |TAMS 0x0000000094e00000, 0x0000000094e00000| Untracked 
|  63|0x0000000094f00000, 0x0000000094f00000, 0x0000000095000000|  0%| F|  |TAMS 0x0000000094f00000, 0x0000000094f00000| Untracked 
|  64|0x0000000095000000, 0x0000000095000000, 0x0000000095100000|  0%| F|  |TAMS 0x0000000095000000, 0x0000000095000000| Untracked 
|  65|0x0000000095100000, 0x0000000095100000, 0x0000000095200000|  0%| F|  |TAMS 0x0000000095100000, 0x0000000095100000| Untracked 
|  66|0x0000000095200000, 0x0000000095200000, 0x0000000095300000|  0%| F|  |TAMS 0x0000000095200000, 0x0000000095200000| Untracked 
|  67|0x0000000095300000, 0x0000000095300000, 0x0000000095400000|  0%| F|  |TAMS 0x0000000095300000, 0x0000000095300000| Untracked 
|  68|0x0000000095400000, 0x0000000095400000, 0x0000000095500000|  0%| F|  |TAMS 0x0000000095400000, 0x0000000095400000| Untracked 
|  69|0x0000000095500000, 0x0000000095500000, 0x0000000095600000|  0%| F|  |TAMS 0x0000000095500000, 0x0000000095500000| Untracked 
|  70|0x0000000095600000, 0x0000000095600000, 0x0000000095700000|  0%| F|  |TAMS 0x0000000095600000, 0x0000000095600000| Untracked 
|  71|0x0000000095700000, 0x0000000095700000, 0x0000000095800000|  0%| F|  |TAMS 0x0000000095700000, 0x0000000095700000| Untracked 
|  72|0x0000000095800000, 0x0000000095800000, 0x0000000095900000|  0%| F|  |TAMS 0x0000000095800000, 0x0000000095800000| Untracked 
|  73|0x0000000095900000, 0x0000000095900000, 0x0000000095a00000|  0%| F|  |TAMS 0x0000000095900000, 0x0000000095900000| Untracked 
|  74|0x0000000095a00000, 0x0000000095a00000, 0x0000000095b00000|  0%| F|  |TAMS 0x0000000095a00000, 0x0000000095a00000| Untracked 
|  75|0x0000000095b00000, 0x0000000095b00000, 0x0000000095c00000|  0%| F|  |TAMS 0x0000000095b00000, 0x0000000095b00000| Untracked 
|  76|0x0000000095c00000, 0x0000000095c00000, 0x0000000095d00000|  0%| F|  |TAMS 0x0000000095c00000, 0x0000000095c00000| Untracked 
|  77|0x0000000095d00000, 0x0000000095d00000, 0x0000000095e00000|  0%| F|  |TAMS 0x0000000095d00000, 0x0000000095d00000| Untracked 
|  78|0x0000000095e00000, 0x0000000095f00000, 0x0000000095f00000|100%| E|  |TAMS 0x0000000095e00000, 0x0000000095e00000| Complete 
|  79|0x0000000095f00000, 0x0000000096000000, 0x0000000096000000|100%| E|CS|TAMS 0x0000000095f00000, 0x0000000095f00000| Complete 
|  80|0x0000000096000000, 0x0000000096100000, 0x0000000096100000|100%| E|CS|TAMS 0x0000000096000000, 0x0000000096000000| Complete 
|  81|0x0000000096100000, 0x0000000096200000, 0x0000000096200000|100%| E|CS|TAMS 0x0000000096100000, 0x0000000096100000| Complete 
|  82|0x0000000096200000, 0x0000000096300000, 0x0000000096300000|100%| E|CS|TAMS 0x0000000096200000, 0x0000000096200000| Complete 
|  83|0x0000000096300000, 0x0000000096400000, 0x0000000096400000|100%| E|CS|TAMS 0x0000000096300000, 0x0000000096300000| Complete 
|  84|0x0000000096400000, 0x0000000096500000, 0x0000000096500000|100%| E|CS|TAMS 0x0000000096400000, 0x0000000096400000| Complete 
|  85|0x0000000096500000, 0x0000000096600000, 0x0000000096600000|100%| E|CS|TAMS 0x0000000096500000, 0x0000000096500000| Complete 
|  86|0x0000000096600000, 0x0000000096700000, 0x0000000096700000|100%| S|CS|TAMS 0x0000000096600000, 0x0000000096600000| Complete 
|  87|0x0000000096700000, 0x0000000096800000, 0x0000000096800000|100%| S|CS|TAMS 0x0000000096700000, 0x0000000096700000| Complete 
|  88|0x0000000096800000, 0x0000000096900000, 0x0000000096900000|100%| S|CS|TAMS 0x0000000096800000, 0x0000000096800000| Complete 
|  89|0x0000000096900000, 0x0000000096a00000, 0x0000000096a00000|100%| E|CS|TAMS 0x0000000096900000, 0x0000000096900000| Complete 
|  90|0x0000000096a00000, 0x0000000096b00000, 0x0000000096b00000|100%| E|CS|TAMS 0x0000000096a00000, 0x0000000096a00000| Complete 
|  91|0x0000000096b00000, 0x0000000096c00000, 0x0000000096c00000|100%| E|CS|TAMS 0x0000000096b00000, 0x0000000096b00000| Complete 
|  92|0x0000000096c00000, 0x0000000096d00000, 0x0000000096d00000|100%| E|CS|TAMS 0x0000000096c00000, 0x0000000096c00000| Complete 
|  93|0x0000000096d00000, 0x0000000096e00000, 0x0000000096e00000|100%| E|CS|TAMS 0x0000000096d00000, 0x0000000096d00000| Complete 
|  94|0x0000000096e00000, 0x0000000096f00000, 0x0000000096f00000|100%| E|CS|TAMS 0x0000000096e00000, 0x0000000096e00000| Complete 
|  95|0x0000000096f00000, 0x0000000097000000, 0x0000000097000000|100%| E|CS|TAMS 0x0000000096f00000, 0x0000000096f00000| Complete 
|  96|0x0000000097000000, 0x0000000097100000, 0x0000000097100000|100%| E|CS|TAMS 0x0000000097000000, 0x0000000097000000| Complete 
|  97|0x0000000097100000, 0x0000000097200000, 0x0000000097200000|100%| E|CS|TAMS 0x0000000097100000, 0x0000000097100000| Complete 
|  98|0x0000000097200000, 0x0000000097300000, 0x0000000097300000|100%| E|CS|TAMS 0x0000000097200000, 0x0000000097200000| Complete 
|  99|0x0000000097300000, 0x0000000097400000, 0x0000000097400000|100%| E|CS|TAMS 0x0000000097300000, 0x0000000097300000| Complete 
| 100|0x0000000097400000, 0x0000000097500000, 0x0000000097500000|100%| E|CS|TAMS 0x0000000097400000, 0x0000000097400000| Complete 
| 101|0x0000000097500000, 0x0000000097600000, 0x0000000097600000|100%| E|CS|TAMS 0x0000000097500000, 0x0000000097500000| Complete 
| 102|0x0000000097600000, 0x0000000097700000, 0x0000000097700000|100%| E|CS|TAMS 0x0000000097600000, 0x0000000097600000| Complete 
| 103|0x0000000097700000, 0x0000000097800000, 0x0000000097800000|100%| E|CS|TAMS 0x0000000097700000, 0x0000000097700000| Complete 
| 104|0x0000000097800000, 0x0000000097900000, 0x0000000097900000|100%| E|CS|TAMS 0x0000000097800000, 0x0000000097800000| Complete 
| 105|0x0000000097900000, 0x0000000097a00000, 0x0000000097a00000|100%| E|CS|TAMS 0x0000000097900000, 0x0000000097900000| Complete 
| 106|0x0000000097a00000, 0x0000000097b00000, 0x0000000097b00000|100%| E|CS|TAMS 0x0000000097a00000, 0x0000000097a00000| Complete 
| 107|0x0000000097b00000, 0x0000000097c00000, 0x0000000097c00000|100%| E|CS|TAMS 0x0000000097b00000, 0x0000000097b00000| Complete 
| 108|0x0000000097c00000, 0x0000000097d00000, 0x0000000097d00000|100%| E|CS|TAMS 0x0000000097c00000, 0x0000000097c00000| Complete 
| 109|0x0000000097d00000, 0x0000000097e00000, 0x0000000097e00000|100%| E|CS|TAMS 0x0000000097d00000, 0x0000000097d00000| Complete 
| 110|0x0000000097e00000, 0x0000000097f00000, 0x0000000097f00000|100%| E|CS|TAMS 0x0000000097e00000, 0x0000000097e00000| Complete 
| 111|0x0000000097f00000, 0x0000000098000000, 0x0000000098000000|100%| E|CS|TAMS 0x0000000097f00000, 0x0000000097f00000| Complete 

Card table byte_map: [0x000001d6f4c50000,0x000001d6f4fd0000] _byte_map_base: 0x000001d6f47c8000

Marking Bits (Prev, Next): (CMBitMap*) 0x000001d6ea48f300, (CMBitMap*) 0x000001d6ea48f340
 Prev Bits: [0x000001d6f5350000, 0x000001d6f6f10000)
 Next Bits: [0x000001d6f6f10000, 0x000001d6f8ad0000)

Polling page: 0x000001d6ea320000

Metaspace:

Usage:
  Non-class:     12.74 MB capacity,    11.72 MB ( 92%) used,     1.01 MB (  8%) free+waste,    19.25 KB ( <1%) overhead. 
      Class:      1.99 MB capacity,     1.88 MB ( 95%) used,    98.03 KB (  5%) free+waste,     8.12 KB ( <1%) overhead. 
       Both:     14.73 MB capacity,    13.60 MB ( 92%) used,     1.10 MB (  7%) free+waste,    27.38 KB ( <1%) overhead. 

Virtual space:
  Non-class space:       14.00 MB reserved,      12.75 MB ( 91%) committed 
      Class space:        1.00 GB reserved,       2.00 MB ( <1%) committed 
             Both:        1.01 GB reserved,      14.75 MB (  1%) committed 

Chunk freelists:
   Non-Class:  7.00 KB
       Class:  12.00 KB
        Both:  19.00 KB

MaxMetaspaceSize: 17179869184.00 GB
CompressedClassSpaceSize: 1.00 GB

CodeHeap 'non-profiled nmethods': size=120000Kb used=947Kb max_used=947Kb free=119053Kb
 bounds [0x000001d687ad0000, 0x000001d687d40000, 0x000001d68f000000]
CodeHeap 'profiled nmethods': size=120000Kb used=4079Kb max_used=4079Kb free=115920Kb
 bounds [0x000001d6805a0000, 0x000001d6809a0000, 0x000001d687ad0000]
CodeHeap 'non-nmethods': size=5760Kb used=1412Kb max_used=1511Kb free=4347Kb
 bounds [0x000001d680000000, 0x000001d680270000, 0x000001d6805a0000]
 total_blobs=3191 nmethods=2453 adapters=649
 compilation: enabled
              stopped_count=0, restarted_count=0
 full_count=0

Compilation events (20 events):
Event: 2.575 Thread 0x000001d6fb582cd0 nmethod 2405 0x000001d687bb9d10 code [0x000001d687bb9ea0, 0x000001d687bb9f58]
Event: 2.576 Thread 0x000001d6fb582cd0 2406       3       javafx.scene.shape.Shape::getStrokeLineJoin (21 bytes)
Event: 2.576 Thread 0x000001d6fb582cd0 nmethod 2406 0x000001d680983290 code [0x000001d680983460, 0x000001d6809838a8]
Event: 2.576 Thread 0x000001d6fb582cd0 2407       3       javafx.scene.shape.Shape$StrokeAttributes::getLineJoin (24 bytes)
Event: 2.576 Thread 0x000001d6fb582cd0 nmethod 2407 0x000001d680983a10 code [0x000001d680983bc0, 0x000001d680983f48]
Event: 2.582 Thread 0x000001d6fb582cd0 2408       1       java.lang.Thread::isInterrupted (5 bytes)
Event: 2.583 Thread 0x000001d6fb57ee20 2410       4       javafx.scene.Node::getScene (11 bytes)
Event: 2.583 Thread 0x000001d6fb582cd0 nmethod 2408 0x000001d687bba010 code [0x000001d687bba1a0, 0x000001d687bba258]
Event: 2.583 Thread 0x000001d6fb582cd0 2409       3       com.sun.javafx.sg.prism.NGNode::setTransformMatrix (280 bytes)
Event: 2.583 Thread 0x000001d6fb582cd0 nmethod 2409 0x000001d680984090 code [0x000001d6809842a0, 0x000001d680984978]
Event: 2.584 Thread 0x000001d6fb582cd0 2411       1       javafx.scene.layout.CornerRadii::getTopLeftHorizontalRadius (5 bytes)
Event: 2.584 Thread 0x000001d6fb582cd0 nmethod 2411 0x000001d687bba310 code [0x000001d687bba4a0, 0x000001d687bba558]
Event: 2.584 Thread 0x000001d6fb57ee20 nmethod 2410 0x000001d687bba610 code [0x000001d687bba7a0, 0x000001d687bba898]
Event: 2.585 Thread 0x000001d6fb582cd0 2412       3       com.sun.prism.d3d.D3DTexture::update (425 bytes)
Event: 2.587 Thread 0x000001d6fb582cd0 nmethod 2412 0x000001d680984b90 code [0x000001d680984e40, 0x000001d680986678]
Event: 2.587 Thread 0x000001d6fb582cd0 2413       3       com.sun.prism.impl.BaseTexture::checkUpdateParams (322 bytes)
Event: 2.589 Thread 0x000001d6fb582cd0 nmethod 2413 0x000001d680986c10 code [0x000001d680986f60, 0x000001d680988258]
Event: 2.589 Thread 0x000001d6fb582cd0 2414       3       com.sun.prism.GraphicsPipeline::getPipeline (4 bytes)
Event: 2.589 Thread 0x000001d6fb582cd0 nmethod 2414 0x000001d680988a90 code [0x000001d680988c20, 0x000001d680988d18]
Event: 2.591 Thread 0x000001d6fb582cd0 2416       3       javafx.scene.shape.Shape::getStrokeWidth (19 bytes)

GC Heap History (2 events):
Event: 1.160 GC heap before
{Heap before GC invocations=0 (full 0):
 garbage-first heap   total 114688K, used 24576K [0x0000000091000000, 0x0000000100000000)
  region size 1024K, 23 young (23552K), 0 survivors (0K)
 Metaspace       used 6622K, capacity 8919K, committed 9088K, reserved 1056768K
  class space    used 859K, capacity 1052K, committed 1152K, reserved 1048576K
}
Event: 1.166 GC heap after
{Heap after GC invocations=1 (full 0):
 garbage-first heap   total 114688K, used 5130K [0x0000000091000000, 0x0000000100000000)
  region size 1024K, 3 young (3072K), 3 survivors (3072K)
 Metaspace       used 6622K, capacity 8919K, committed 9088K, reserved 1056768K
  class space    used 859K, capacity 1052K, committed 1152K, reserved 1048576K
}

Deoptimization events (20 events):
Event: 1.842 Thread 0x000001d6fd2ea820 DEOPT PACKING pc=0x000001d6807f99bd sp=0x00000012fc3fdaf0
Event: 1.842 Thread 0x000001d6fd2ea820 DEOPT UNPACKING pc=0x000001d68004e23f sp=0x00000012fc3fcfc0 mode 0
Event: 2.038 Thread 0x000001d6fd0f9a70 Uncommon trap: trap_request=0xffffffc6 fr.pc=0x000001d687b26420 relative=0x0000000000000540
Event: 2.038 Thread 0x000001d6fd0f9a70 Uncommon trap: reason=bimorphic_or_optimized_type_check action=maybe_recompile pc=0x000001d687b26420 method=java.util.concurrent.ConcurrentHashMap.get(Ljava/lang/Object;)Ljava/lang/Object; @ 149 c2
Event: 2.038 Thread 0x000001d6fd0f9a70 DEOPT PACKING pc=0x000001d687b26420 sp=0x00000012fbffdeb0
Event: 2.038 Thread 0x000001d6fd0f9a70 DEOPT UNPACKING pc=0x000001d68004e42f sp=0x00000012fbffde50 mode 2
Event: 2.041 Thread 0x000001d6fd0f9a70 Uncommon trap: trap_request=0xffffffc6 fr.pc=0x000001d687b26420 relative=0x0000000000000540
Event: 2.041 Thread 0x000001d6fd0f9a70 Uncommon trap: reason=bimorphic_or_optimized_type_check action=maybe_recompile pc=0x000001d687b26420 method=java.util.concurrent.ConcurrentHashMap.get(Ljava/lang/Object;)Ljava/lang/Object; @ 149 c2
Event: 2.041 Thread 0x000001d6fd0f9a70 DEOPT PACKING pc=0x000001d687b26420 sp=0x00000012fbffdeb0
Event: 2.041 Thread 0x000001d6fd0f9a70 DEOPT UNPACKING pc=0x000001d68004e42f sp=0x00000012fbffde50 mode 2
Event: 2.437 Thread 0x000001d6fd0f9a70 DEOPT PACKING pc=0x000001d680936d5f sp=0x00000012fbffd6d0
Event: 2.437 Thread 0x000001d6fd0f9a70 DEOPT UNPACKING pc=0x000001d68004e23f sp=0x00000012fbffcae8 mode 0
Event: 2.471 Thread 0x000001d6fd0f9a70 DEOPT PACKING pc=0x000001d680936d5f sp=0x00000012fbffd6d0
Event: 2.471 Thread 0x000001d6fd0f9a70 DEOPT UNPACKING pc=0x000001d68004e23f sp=0x00000012fbffcae8 mode 0
Event: 2.536 Thread 0x000001d6fd0f9a70 DEOPT PACKING pc=0x000001d68088267c sp=0x00000012fbffd830
Event: 2.536 Thread 0x000001d6fd0f9a70 DEOPT UNPACKING pc=0x000001d68004e23f sp=0x00000012fbffcc50 mode 0
Event: 2.536 Thread 0x000001d6fd0f9a70 DEOPT PACKING pc=0x000001d680936d5f sp=0x00000012fbffd6d0
Event: 2.536 Thread 0x000001d6fd0f9a70 DEOPT UNPACKING pc=0x000001d68004e23f sp=0x00000012fbffcae8 mode 0
Event: 2.572 Thread 0x000001d6fd0f9a70 DEOPT PACKING pc=0x000001d680936d5f sp=0x00000012fbffd670
Event: 2.572 Thread 0x000001d6fd0f9a70 DEOPT UNPACKING pc=0x000001d68004e23f sp=0x00000012fbffca88 mode 0

Classes unloaded (0 events):
No events

Classes redefined (0 events):
No events

Internal exceptions (20 events):
Event: 0.883 Thread 0x000001d6fd2ea820 Exception <a 'sun/nio/fs/WindowsException'{0x0000000096fe3130}> (0x0000000096fe3130) 
thrown [./open/src/hotspot/share/prims/jni.cpp, line 578]
Event: 0.883 Thread 0x000001d6fd2ea820 Exception <a 'sun/nio/fs/WindowsException'{0x0000000096fe3b90}> (0x0000000096fe3b90) 
thrown [./open/src/hotspot/share/prims/jni.cpp, line 578]
Event: 0.883 Thread 0x000001d6fd2ea820 Exception <a 'sun/nio/fs/WindowsException'{0x0000000096fe4a20}> (0x0000000096fe4a20) 
thrown [./open/src/hotspot/share/prims/jni.cpp, line 578]
Event: 0.883 Thread 0x000001d6fd2ea820 Exception <a 'sun/nio/fs/WindowsException'{0x0000000096fe51b0}> (0x0000000096fe51b0) 
thrown [./open/src/hotspot/share/prims/jni.cpp, line 578]
Event: 1.099 Thread 0x000001d6fd2ea820 Exception <a 'java/lang/NoSuchMethodError'{0x0000000096b2c548}: 'java.lang.Object java.lang.invoke.DirectMethodHandle$Holder.invokeStaticInit(java.lang.Object, java.lang.Object, java.lang.Object, java.lang.Object)'> (0x0000000096b2c548) 
thrown [./open/src/hotspot/share/interpreter/linkResolver.cpp, line 782]
Event: 1.101 Thread 0x000001d6fd2ea820 Exception <a 'java/lang/NullPointerException'{0x0000000096b38548}> (0x0000000096b38548) 
thrown [./open/src/hotspot/share/interpreter/linkResolver.cpp, line 1374]
Event: 1.270 Thread 0x000001d6fd2ea820 Exception <a 'java/lang/NoSuchMethodError'{0x0000000097a38d80}: 'java.lang.Object java.lang.invoke.DirectMethodHandle$Holder.newInvokeSpecial(java.lang.Object, java.lang.Object, int)'> (0x0000000097a38d80) 
thrown [./open/src/hotspot/share/interpreter/linkResolver.cpp, line 782]
Event: 1.327 Thread 0x000001d6fd2ea820 Exception <a 'sun/nio/fs/WindowsException'{0x000000009772e6b0}> (0x000000009772e6b0) 
thrown [./open/src/hotspot/share/prims/jni.cpp, line 578]
Event: 1.364 Thread 0x000001d6fd2ea820 Implicit null exception at 0x000001d687b28b8d to 0x000001d687b28f9c
Event: 1.368 Thread 0x000001d6fd2ea820 Implicit null exception at 0x000001d687b2802c to 0x000001d687b285a0
Event: 1.440 Thread 0x000001d6fd2ea820 Implicit null exception at 0x000001d687aeb8af to 0x000001d687aebac9
Event: 1.486 Thread 0x000001d6fd2ea820 Exception <a 'java/lang/NoSuchMethodError'{0x0000000097106e68}: 'void java.lang.invoke.DirectMethodHandle$Holder.invokeStaticInit(java.lang.Object, java.lang.Object)'> (0x0000000097106e68) 
thrown [./open/src/hotspot/share/interpreter/linkResolver.cpp, line 782]
Event: 1.492 Thread 0x000001d6fd2ea820 Exception <a 'java/io/FileNotFoundException'{0x0000000097126f90}> (0x0000000097126f90) 
thrown [./open/src/hotspot/share/prims/jni.cpp, line 578]
Event: 1.749 Thread 0x000001d6fd2ea820 Exception <a 'java/lang/NoSuchMethodError'{0x0000000096dde7c0}: 'java.lang.Object java.lang.invoke.DirectMethodHandle$Holder.invokeInterface(java.lang.Object, java.lang.Object, java.lang.Object)'> (0x0000000096dde7c0) 
thrown [./open/src/hotspot/share/interpreter/linkResolver.cpp, line 782]
Event: 1.749 Thread 0x000001d6fd2ea820 Exception <a 'java/lang/IncompatibleClassChangeError'{0x0000000096de2340}: Found class java.lang.Object, but interface was expected> (0x0000000096de2340) 
thrown [./open/src/hotspot/share/interpreter/linkResolver.cpp, line 848]
Event: 1.855 Thread 0x000001d6fd2ea820 Exception <a 'java/lang/NoSuchMethodError'{0x0000000096cadf40}: 'long java.lang.invoke.DirectMethodHandle$Holder.invokeStatic(java.lang.Object, java.lang.Object, java.lang.Object)'> (0x0000000096cadf40) 
thrown [./open/src/hotspot/share/interpreter/linkResolver.cpp, line 782]
Event: 1.855 Thread 0x000001d6fd2ea820 Exception <a 'java/lang/NoSuchMethodError'{0x0000000096cb18f0}: 'long java.lang.invoke.DirectMethodHandle$Holder.invokeStaticInit(java.lang.Object, java.lang.Object, java.lang.Object)'> (0x0000000096cb18f0) 
thrown [./open/src/hotspot/share/interpreter/linkResolver.cpp, line 782]
Event: 1.860 Thread 0x000001d6fd2ea820 Exception <a 'java/lang/NoSuchMethodError'{0x0000000096cc9de0}: 'java.lang.Object java.lang.invoke.DirectMethodHandle$Holder.newInvokeSpecial(java.lang.Object, java.lang.Object, long)'> (0x0000000096cc9de0) 
thrown [./open/src/hotspot/share/interpreter/linkResolver.cpp, line 782]
Event: 1.860 Thread 0x000001d6fd2ea820 Exception <a 'java/lang/NoSuchMethodError'{0x0000000096ccdb50}: 'java.lang.Object java.lang.invoke.Invokers$Holder.linkToTargetMethod(java.lang.Object, long, java.lang.Object)'> (0x0000000096ccdb50) 
thrown [./open/src/hotspot/share/interpreter/linkResolver.cpp, line 782]
Event: 1.941 Thread 0x000001d6fd0f9a70 Exception <a 'java/lang/NoSuchMethodError'{0x000000009698c710}: 'int java.lang.invoke.DirectMethodHandle$Holder.invokeStaticInit(java.lang.Object, java.lang.Object)'> (0x000000009698c710) 
thrown [./open/src/hotspot/share/interpreter/linkResolver.cpp, line 782]

Events (20 events):
Event: 1.989 loading class java/nio/ShortBuffer done
Event: 1.989 loading class java/nio/DoubleBuffer
Event: 1.989 loading class java/nio/DoubleBuffer done
Event: 1.990 loading class java/nio/DirectFloatBufferU
Event: 1.990 loading class java/nio/DirectFloatBufferU done
Event: 2.159 Loaded shared library D:\java\AP4B-Projet\lib\openjfx-11.0.2_windows-x64_bin-sdk\javafx-sdk-11.0.2\bin\prism_d3d.dll
Event: 2.163 Executing VM operation: ICBufferFull
Event: 2.163 Executing VM operation: ICBufferFull done
Event: 2.163 Executing VM operation: HandshakeAllThreads
Event: 2.163 Executing VM operation: HandshakeAllThreads done
Event: 2.188 Loaded shared library D:\java\AP4B-Projet\lib\openjfx-11.0.2_windows-x64_bin-sdk\javafx-sdk-11.0.2\bin\prism_d3d.dll
Event: 2.227 Loaded shared library D:\java\AP4B-Projet\lib\openjfx-11.0.2_windows-x64_bin-sdk\javafx-sdk-11.0.2\bin\prism_d3d.dll
Event: 2.230 Loaded shared library D:\java\AP4B-Projet\lib\openjfx-11.0.2_windows-x64_bin-sdk\javafx-sdk-11.0.2\bin\prism_d3d.dll
Event: 2.523 Loaded shared library D:\java\AP4B-Projet\lib\openjfx-11.0.2_windows-x64_bin-sdk\javafx-sdk-11.0.2\bin\prism_d3d.dll
Event: 2.526 Executing VM operation: ICBufferFull
Event: 2.526 Loaded shared library D:\java\AP4B-Projet\lib\openjfx-11.0.2_windows-x64_bin-sdk\javafx-sdk-11.0.2\bin\prism_d3d.dll
Event: 2.526 Executing VM operation: ICBufferFull done
Event: 2.526 Executing VM operation: HandshakeAllThreads
Event: 2.526 Executing VM operation: HandshakeAllThreads done
Event: 2.570 Loaded shared library D:\java\AP4B-Projet\lib\openjfx-11.0.2_windows-x64_bin-sdk\javafx-sdk-11.0.2\bin\prism_d3d.dll


Dynamic libraries:
0x00007ff72fee0000 - 0x00007ff72feef000 	C:\Program Files\Java\jdk-15.0.1\bin\javaw.exe
0x00007ff99b910000 - 0x00007ff99bb06000 	C:\WINDOWS\SYSTEM32\ntdll.dll
0x00007ff99aa40000 - 0x00007ff99aafd000 	C:\WINDOWS\System32\KERNEL32.DLL
0x00007ff999530000 - 0x00007ff9997f8000 	C:\WINDOWS\System32\KERNELBASE.dll
0x00007ff9993e0000 - 0x00007ff9994e0000 	C:\WINDOWS\System32\ucrtbase.dll
0x00007ff97db30000 - 0x00007ff97db48000 	C:\Program Files\Java\jdk-15.0.1\bin\jli.dll
0x00007ff97db50000 - 0x00007ff97db69000 	C:\Program Files\Java\jdk-15.0.1\bin\VCRUNTIME140.dll
0x00007ff999fb0000 - 0x00007ff99a05c000 	C:\WINDOWS\System32\ADVAPI32.dll
0x00007ff99ab00000 - 0x00007ff99ab9e000 	C:\WINDOWS\System32\msvcrt.dll
0x00007ff99a170000 - 0x00007ff99a20b000 	C:\WINDOWS\System32\sechost.dll
0x00007ff99adc0000 - 0x00007ff99aee4000 	C:\WINDOWS\System32\RPCRT4.dll
0x00007ff99b290000 - 0x00007ff99b430000 	C:\WINDOWS\System32\USER32.dll
0x00007ff98ed40000 - 0x00007ff98efdb000 	C:\WINDOWS\WinSxS\amd64_microsoft.windows.common-controls_6595b64144ccf1df_6.0.19041.488_none_ca04af081b815d21\COMCTL32.dll
0x00007ff999910000 - 0x00007ff999932000 	C:\WINDOWS\System32\win32u.dll
0x00007ff99b430000 - 0x00007ff99b45a000 	C:\WINDOWS\System32\GDI32.dll
0x00007ff999800000 - 0x00007ff999909000 	C:\WINDOWS\System32\gdi32full.dll
0x00007ff9991e0000 - 0x00007ff99927d000 	C:\WINDOWS\System32\msvcp_win.dll
0x00007ff989a90000 - 0x00007ff989a9a000 	C:\WINDOWS\SYSTEM32\VERSION.dll
0x00007ff99a060000 - 0x00007ff99a090000 	C:\WINDOWS\System32\IMM32.DLL
0x00007ff992b90000 - 0x00007ff992b9c000 	C:\Program Files\Java\jdk-15.0.1\bin\vcruntime140_1.dll
0x00007ff9788a0000 - 0x00007ff978931000 	C:\Program Files\Java\jdk-15.0.1\bin\msvcp140.dll
0x00007ff954e80000 - 0x00007ff9559de000 	C:\Program Files\Java\jdk-15.0.1\bin\server\jvm.dll
0x00007ff99a960000 - 0x00007ff99a968000 	C:\WINDOWS\System32\PSAPI.DLL
0x00007ff992a70000 - 0x00007ff992a79000 	C:\WINDOWS\SYSTEM32\WSOCK32.dll
0x00007ff986f10000 - 0x00007ff986f37000 	C:\WINDOWS\SYSTEM32\WINMM.dll
0x00007ff99ad50000 - 0x00007ff99adbb000 	C:\WINDOWS\System32\WS2_32.dll
0x00007ff997ba0000 - 0x00007ff997bb2000 	C:\WINDOWS\SYSTEM32\kernel.appcore.dll
0x00007ff9929e0000 - 0x00007ff9929ea000 	C:\Program Files\Java\jdk-15.0.1\bin\jimage.dll
0x00007ff9973e0000 - 0x00007ff9975c4000 	C:\WINDOWS\SYSTEM32\DBGHELP.DLL
0x00007ff990850000 - 0x00007ff99087c000 	C:\WINDOWS\SYSTEM32\dbgcore.DLL
0x00007ff999160000 - 0x00007ff9991df000 	C:\WINDOWS\System32\bcryptPrimitives.dll
0x00007ff97ce20000 - 0x00007ff97ce45000 	C:\Program Files\Java\jdk-15.0.1\bin\java.dll
0x00007ff99a210000 - 0x00007ff99a951000 	C:\WINDOWS\System32\SHELL32.dll
0x00007ff996b70000 - 0x00007ff997305000 	C:\WINDOWS\SYSTEM32\windows.storage.dll
0x00007ff999970000 - 0x00007ff999cc5000 	C:\WINDOWS\System32\combase.dll
0x00007ff9989e0000 - 0x00007ff998a0c000 	C:\WINDOWS\SYSTEM32\Wldp.dll
0x00007ff999f00000 - 0x00007ff999fae000 	C:\WINDOWS\System32\SHCORE.dll
0x00007ff99a110000 - 0x00007ff99a165000 	C:\WINDOWS\System32\shlwapi.dll
0x00007ff998f80000 - 0x00007ff998fa6000 	C:\WINDOWS\SYSTEM32\profapi.dll
0x00007ff992860000 - 0x00007ff992879000 	C:\Program Files\Java\jdk-15.0.1\bin\net.dll
0x00007ff98f180000 - 0x00007ff98f280000 	C:\WINDOWS\SYSTEM32\WINHTTP.dll
0x00007ff998770000 - 0x00007ff9987da000 	C:\WINDOWS\system32\mswsock.dll
0x00007ff990120000 - 0x00007ff990132000 	C:\Program Files\Java\jdk-15.0.1\bin\nio.dll
0x00007ff981590000 - 0x00007ff9815a8000 	C:\Program Files\Java\jdk-15.0.1\bin\zip.dll
0x000001d6fdaf0000 - 0x000001d6fdaf3000 	D:\java\AP4B-Projet\lib\openjfx-11.0.2_windows-x64_bin-sdk\javafx-sdk-11.0.2\bin\api-ms-win-core-console-l1-1-0.dll
0x000001d6fdb00000 - 0x000001d6fdb03000 	D:\java\AP4B-Projet\lib\openjfx-11.0.2_windows-x64_bin-sdk\javafx-sdk-11.0.2\bin\api-ms-win-core-datetime-l1-1-0.dll
0x000001d6fdb10000 - 0x000001d6fdb13000 	D:\java\AP4B-Projet\lib\openjfx-11.0.2_windows-x64_bin-sdk\javafx-sdk-11.0.2\bin\api-ms-win-core-debug-l1-1-0.dll
0x000001d6fdb20000 - 0x000001d6fdb23000 	D:\java\AP4B-Projet\lib\openjfx-11.0.2_windows-x64_bin-sdk\javafx-sdk-11.0.2\bin\api-ms-win-core-errorhandling-l1-1-0.dll
0x000001d6fdb30000 - 0x000001d6fdb34000 	D:\java\AP4B-Projet\lib\openjfx-11.0.2_windows-x64_bin-sdk\javafx-sdk-11.0.2\bin\api-ms-win-core-file-l1-1-0.dll
0x000001d6fdb40000 - 0x000001d6fdb43000 	D:\java\AP4B-Projet\lib\openjfx-11.0.2_windows-x64_bin-sdk\javafx-sdk-11.0.2\bin\api-ms-win-core-file-l1-2-0.dll
0x000001d6fdb50000 - 0x000001d6fdb53000 	D:\java\AP4B-Projet\lib\openjfx-11.0.2_windows-x64_bin-sdk\javafx-sdk-11.0.2\bin\api-ms-win-core-file-l2-1-0.dll
0x000001d6fdb60000 - 0x000001d6fdb63000 	D:\java\AP4B-Projet\lib\openjfx-11.0.2_windows-x64_bin-sdk\javafx-sdk-11.0.2\bin\api-ms-win-core-handle-l1-1-0.dll
0x000001d6fdb70000 - 0x000001d6fdb73000 	D:\java\AP4B-Projet\lib\openjfx-11.0.2_windows-x64_bin-sdk\javafx-sdk-11.0.2\bin\api-ms-win-core-heap-l1-1-0.dll
0x000001d6fdca0000 - 0x000001d6fdca3000 	D:\java\AP4B-Projet\lib\openjfx-11.0.2_windows-x64_bin-sdk\javafx-sdk-11.0.2\bin\api-ms-win-core-interlocked-l1-1-0.dll
0x000001d6fdcb0000 - 0x000001d6fdcb3000 	D:\java\AP4B-Projet\lib\openjfx-11.0.2_windows-x64_bin-sdk\javafx-sdk-11.0.2\bin\api-ms-win-core-libraryloader-l1-1-0.dll
0x000001d6fdb80000 - 0x000001d6fdb83000 	D:\java\AP4B-Projet\lib\openjfx-11.0.2_windows-x64_bin-sdk\javafx-sdk-11.0.2\bin\api-ms-win-core-localization-l1-2-0.dll
0x000001d6fdb90000 - 0x000001d6fdb93000 	D:\java\AP4B-Projet\lib\openjfx-11.0.2_windows-x64_bin-sdk\javafx-sdk-11.0.2\bin\api-ms-win-core-memory-l1-1-0.dll
0x000001d6fdba0000 - 0x000001d6fdba3000 	D:\java\AP4B-Projet\lib\openjfx-11.0.2_windows-x64_bin-sdk\javafx-sdk-11.0.2\bin\api-ms-win-core-namedpipe-l1-1-0.dll
0x000001d6fdbb0000 - 0x000001d6fdbb3000 	D:\java\AP4B-Projet\lib\openjfx-11.0.2_windows-x64_bin-sdk\javafx-sdk-11.0.2\bin\api-ms-win-core-processenvironment-l1-1-0.dll
0x000001d6fdbc0000 - 0x000001d6fdbc3000 	D:\java\AP4B-Projet\lib\openjfx-11.0.2_windows-x64_bin-sdk\javafx-sdk-11.0.2\bin\api-ms-win-core-processthreads-l1-1-0.dll
0x000001d6fdbd0000 - 0x000001d6fdbd3000 	D:\java\AP4B-Projet\lib\openjfx-11.0.2_windows-x64_bin-sdk\javafx-sdk-11.0.2\bin\api-ms-win-core-processthreads-l1-1-1.dll
0x000001d6fdbe0000 - 0x000001d6fdbe3000 	D:\java\AP4B-Projet\lib\openjfx-11.0.2_windows-x64_bin-sdk\javafx-sdk-11.0.2\bin\api-ms-win-core-profile-l1-1-0.dll
0x000001d6fdbf0000 - 0x000001d6fdbf3000 	D:\java\AP4B-Projet\lib\openjfx-11.0.2_windows-x64_bin-sdk\javafx-sdk-11.0.2\bin\api-ms-win-core-rtlsupport-l1-1-0.dll
0x000001d6fdc00000 - 0x000001d6fdc03000 	D:\java\AP4B-Projet\lib\openjfx-11.0.2_windows-x64_bin-sdk\javafx-sdk-11.0.2\bin\api-ms-win-core-string-l1-1-0.dll
0x000001d6fdc10000 - 0x000001d6fdc13000 	D:\java\AP4B-Projet\lib\openjfx-11.0.2_windows-x64_bin-sdk\javafx-sdk-11.0.2\bin\api-ms-win-core-synch-l1-1-0.dll
0x000001d6fdc20000 - 0x000001d6fdc23000 	D:\java\AP4B-Projet\lib\openjfx-11.0.2_windows-x64_bin-sdk\javafx-sdk-11.0.2\bin\api-ms-win-core-synch-l1-2-0.dll
0x000001d6fdc30000 - 0x000001d6fdc33000 	D:\java\AP4B-Projet\lib\openjfx-11.0.2_windows-x64_bin-sdk\javafx-sdk-11.0.2\bin\api-ms-win-core-sysinfo-l1-1-0.dll
0x000001d6fdc40000 - 0x000001d6fdc43000 	D:\java\AP4B-Projet\lib\openjfx-11.0.2_windows-x64_bin-sdk\javafx-sdk-11.0.2\bin\api-ms-win-core-timezone-l1-1-0.dll
0x000001d6fdc50000 - 0x000001d6fdc53000 	D:\java\AP4B-Projet\lib\openjfx-11.0.2_windows-x64_bin-sdk\javafx-sdk-11.0.2\bin\api-ms-win-core-util-l1-1-0.dll
0x000001d6fdc60000 - 0x000001d6fdc63000 	D:\java\AP4B-Projet\lib\openjfx-11.0.2_windows-x64_bin-sdk\javafx-sdk-11.0.2\bin\api-ms-win-crt-conio-l1-1-0.dll
0x000001d6fdc70000 - 0x000001d6fdc74000 	D:\java\AP4B-Projet\lib\openjfx-11.0.2_windows-x64_bin-sdk\javafx-sdk-11.0.2\bin\api-ms-win-crt-convert-l1-1-0.dll
0x000001d6fdc80000 - 0x000001d6fdc83000 	D:\java\AP4B-Projet\lib\openjfx-11.0.2_windows-x64_bin-sdk\javafx-sdk-11.0.2\bin\api-ms-win-crt-environment-l1-1-0.dll
0x000001d6fdc90000 - 0x000001d6fdc93000 	D:\java\AP4B-Projet\lib\openjfx-11.0.2_windows-x64_bin-sdk\javafx-sdk-11.0.2\bin\api-ms-win-crt-filesystem-l1-1-0.dll
0x000001d6fdcc0000 - 0x000001d6fdcc3000 	D:\java\AP4B-Projet\lib\openjfx-11.0.2_windows-x64_bin-sdk\javafx-sdk-11.0.2\bin\api-ms-win-crt-heap-l1-1-0.dll
0x000001d6fdcd0000 - 0x000001d6fdcd3000 	D:\java\AP4B-Projet\lib\openjfx-11.0.2_windows-x64_bin-sdk\javafx-sdk-11.0.2\bin\api-ms-win-crt-locale-l1-1-0.dll
0x000001d6fdce0000 - 0x000001d6fdce5000 	D:\java\AP4B-Projet\lib\openjfx-11.0.2_windows-x64_bin-sdk\javafx-sdk-11.0.2\bin\api-ms-win-crt-math-l1-1-0.dll
0x000001d6fdcf0000 - 0x000001d6fdcf5000 	D:\java\AP4B-Projet\lib\openjfx-11.0.2_windows-x64_bin-sdk\javafx-sdk-11.0.2\bin\api-ms-win-crt-multibyte-l1-1-0.dll
0x000001d6fde30000 - 0x000001d6fde40000 	D:\java\AP4B-Projet\lib\openjfx-11.0.2_windows-x64_bin-sdk\javafx-sdk-11.0.2\bin\api-ms-win-crt-private-l1-1-0.dll
0x000001d6fdd00000 - 0x000001d6fdd03000 	D:\java\AP4B-Projet\lib\openjfx-11.0.2_windows-x64_bin-sdk\javafx-sdk-11.0.2\bin\api-ms-win-crt-process-l1-1-0.dll
0x000001d6fdd10000 - 0x000001d6fdd14000 	D:\java\AP4B-Projet\lib\openjfx-11.0.2_windows-x64_bin-sdk\javafx-sdk-11.0.2\bin\api-ms-win-crt-runtime-l1-1-0.dll
0x000001d6fdd20000 - 0x000001d6fdd24000 	D:\java\AP4B-Projet\lib\openjfx-11.0.2_windows-x64_bin-sdk\javafx-sdk-11.0.2\bin\api-ms-win-crt-stdio-l1-1-0.dll
0x000001d6fdd30000 - 0x000001d6fdd34000 	D:\java\AP4B-Projet\lib\openjfx-11.0.2_windows-x64_bin-sdk\javafx-sdk-11.0.2\bin\api-ms-win-crt-string-l1-1-0.dll
0x000001d6fdd40000 - 0x000001d6fdd43000 	D:\java\AP4B-Projet\lib\openjfx-11.0.2_windows-x64_bin-sdk\javafx-sdk-11.0.2\bin\api-ms-win-crt-time-l1-1-0.dll
0x000001d6fdd50000 - 0x000001d6fdd53000 	D:\java\AP4B-Projet\lib\openjfx-11.0.2_windows-x64_bin-sdk\javafx-sdk-11.0.2\bin\api-ms-win-crt-utility-l1-1-0.dll
0x00007ff975550000 - 0x00007ff97564a000 	D:\java\AP4B-Projet\lib\openjfx-11.0.2_windows-x64_bin-sdk\javafx-sdk-11.0.2\bin\ucrtbase.dll
0x00007ff97ce00000 - 0x00007ff97ce16000 	D:\java\AP4B-Projet\lib\openjfx-11.0.2_windows-x64_bin-sdk\javafx-sdk-11.0.2\bin\vcruntime140.dll
0x00007ff9653a0000 - 0x00007ff965446000 	D:\java\AP4B-Projet\lib\openjfx-11.0.2_windows-x64_bin-sdk\javafx-sdk-11.0.2\bin\msvcp140.dll
0x00007ff97abb0000 - 0x00007ff97ac01000 	D:\java\AP4B-Projet\lib\openjfx-11.0.2_windows-x64_bin-sdk\javafx-sdk-11.0.2\bin\concrt140.dll
0x00007ff97c3c0000 - 0x00007ff97c3e3000 	D:\java\AP4B-Projet\lib\openjfx-11.0.2_windows-x64_bin-sdk\javafx-sdk-11.0.2\bin\prism_d3d.dll
0x00007ff975d30000 - 0x00007ff975efe000 	C:\WINDOWS\system32\d3d9.dll
0x00007ff9966a0000 - 0x00007ff9966cf000 	C:\WINDOWS\SYSTEM32\dwmapi.dll
0x00007ff9964b0000 - 0x00007ff99654e000 	C:\WINDOWS\system32\uxtheme.dll
0x00007ff986f40000 - 0x00007ff98711d000 	C:\Windows\System32\DriverStore\FileRepository\u0355756.inf_amd64_5146fc3a012e7afa\B354291\aticfx64.dll
0x00007ff97c130000 - 0x00007ff97c160000 	C:\WINDOWS\System32\DriverStore\FileRepository\u0355756.inf_amd64_5146fc3a012e7afa\B354291\atiu9p64.dll
0x00007ff9541b0000 - 0x00007ff954e7b000 	C:\Windows\System32\DriverStore\FileRepository\u0355756.inf_amd64_5146fc3a012e7afa\B354291\atiumd64.dll
0x00007ff99b150000 - 0x00007ff99b27a000 	C:\WINDOWS\System32\ole32.dll
0x00000000578d0000 - 0x0000000058653000 	C:\WINDOWS\System32\DriverStore\FileRepository\u0355756.inf_amd64_5146fc3a012e7afa\B354291\atiumd6a.dll
0x00007ff998eb0000 - 0x00007ff998efb000 	C:\WINDOWS\SYSTEM32\POWRPROF.dll
0x00007ff998e90000 - 0x00007ff998ea2000 	C:\WINDOWS\SYSTEM32\UMPDC.dll
0x00007ff9756b0000 - 0x00007ff9756f5000 	D:\java\AP4B-Projet\lib\openjfx-11.0.2_windows-x64_bin-sdk\javafx-sdk-11.0.2\bin\glass.dll
0x00007ff999cf0000 - 0x00007ff999dca000 	C:\WINDOWS\System32\COMDLG32.dll
0x00007ff99a970000 - 0x00007ff99aa3d000 	C:\WINDOWS\System32\OLEAUT32.dll
0x00007ff99afa0000 - 0x00007ff99b0b5000 	C:\WINDOWS\System32\MSCTF.dll
0x00007ff987120000 - 0x00007ff98715b000 	C:\WINDOWS\SYSTEM32\dxcore.dll
0x00007ff9994e0000 - 0x00007ff99952e000 	C:\WINDOWS\System32\cfgmgr32.dll
0x00007ff97cd90000 - 0x00007ff97cda4000 	D:\java\AP4B-Projet\lib\openjfx-11.0.2_windows-x64_bin-sdk\javafx-sdk-11.0.2\bin\javafx_font.dll
0x00007ff983e20000 - 0x00007ff98409f000 	C:\WINDOWS\SYSTEM32\dwrite.dll
0x00007ff99aef0000 - 0x00007ff99af99000 	C:\WINDOWS\System32\clbcatq.dll
0x00007ff98c420000 - 0x00007ff98c5d4000 	C:\WINDOWS\SYSTEM32\WindowsCodecs.dll
0x00007ff999940000 - 0x00007ff999967000 	C:\WINDOWS\System32\bcrypt.dll
0x00007ff96b8a0000 - 0x00007ff96b8de000 	C:\WINDOWS\system32\dataexchange.dll
0x00007ff994fd0000 - 0x00007ff995234000 	C:\WINDOWS\system32\d3d11.dll
0x00007ff995800000 - 0x00007ff9959e5000 	C:\WINDOWS\system32\dcomp.dll
0x00007ff997980000 - 0x00007ff997a73000 	C:\WINDOWS\system32\dxgi.dll
0x00007ff992010000 - 0x00007ff992218000 	C:\WINDOWS\system32\twinapi.appcore.dll
0x00007ff97b000000 - 0x00007ff97b034000 	C:\Program Files\Common Files\Microsoft Shared\Ink\rtscom.dll
0x00007ff98c1d0000 - 0x00007ff98c2cc000 	C:\WINDOWS\SYSTEM32\textinputframework.dll
0x00007ff9960d0000 - 0x00007ff9961c2000 	C:\WINDOWS\System32\CoreMessaging.dll
0x00007ff9959f0000 - 0x00007ff995d4e000 	C:\WINDOWS\System32\CoreUIComponents.dll
0x00007ff997d90000 - 0x00007ff997dc3000 	C:\WINDOWS\SYSTEM32\ntmarta.dll
0x00007ff994a10000 - 0x00007ff994b66000 	C:\WINDOWS\SYSTEM32\wintypes.dll
0x00007ff995240000 - 0x00007ff995800000 	C:\WINDOWS\SYSTEM32\d2d1.dll
0x00007ff987420000 - 0x00007ff987b16000 	C:\WINDOWS\SYSTEM32\D3D10Warp.dll

dbghelp: loaded successfully - version: 4.0.5 - missing functions: none
symbol engine: initialized successfully - sym options: 0x614 - pdb path: .;C:\Program Files\Java\jdk-15.0.1\bin;C:\WINDOWS\SYSTEM32;C:\WINDOWS\WinSxS\amd64_microsoft.windows.common-controls_6595b64144ccf1df_6.0.19041.488_none_ca04af081b815d21;C:\Program Files\Java\jdk-15.0.1\bin\server;D:\java\AP4B-Projet\lib\openjfx-11.0.2_windows-x64_bin-sdk\javafx-sdk-11.0.2\bin;C:\Windows\System32\DriverStore\FileRepository\u0355756.inf_amd64_5146fc3a012e7afa\B354291;C:\Program Files\Common Files\Microsoft Shared\Ink

VM Arguments:
jvm_args: -Dfile.encoding=Cp1252 --module-path=D:\java\AP4B-Projet\bin;D:\java\AP4B-Projet\lib\JavaFXSmartGraph-0.9.2.jar;D:\java\AP4B-Projet\lib\openjfx-11.0.2_windows-x64_bin-sdk\javafx-sdk-11.0.2\lib\javafx.base.jar;D:\java\AP4B-Projet\lib\openjfx-11.0.2_windows-x64_bin-sdk\javafx-sdk-11.0.2\lib\javafx.controls.jar;D:\java\AP4B-Projet\lib\openjfx-11.0.2_windows-x64_bin-sdk\javafx-sdk-11.0.2\lib\javafx.fxml.jar;D:\java\AP4B-Projet\lib\openjfx-11.0.2_windows-x64_bin-sdk\javafx-sdk-11.0.2\lib\javafx.graphics.jar;D:\java\AP4B-Projet\lib\openjfx-11.0.2_windows-x64_bin-sdk\javafx-sdk-11.0.2\lib\javafx.media.jar;D:\java\AP4B-Projet\lib\openjfx-11.0.2_windows-x64_bin-sdk\javafx-sdk-11.0.2\lib\javafx.swing.jar;D:\java\AP4B-Projet\lib\openjfx-11.0.2_windows-x64_bin-sdk\javafx-sdk-11.0.2\lib\javafx.web.jar;D:\java\AP4B-Projet\lib\openjfx-11.0.2_windows-x64_bin-sdk\javafx-sdk-11.0.2\lib\javafx-swt.jar -XX:+ShowCodeDetailsInExceptionMessages -Djdk.module.main=ap4b 
java_command: ap4b/fr.utbm.ap4b.DisplayManager
java_class_path (initial): <not set>
Launcher Type: SUN_STANDARD

[Global flags]
     intx CICompilerCount                          = 4                                         {product} {ergonomic}
     uint ConcGCThreads                            = 2                                         {product} {ergonomic}
     uint G1ConcRefinementThreads                  = 8                                         {product} {ergonomic}
   size_t G1HeapRegionSize                         = 1048576                                   {product} {ergonomic}
    uintx GCDrainStackTargetSize                   = 64                                        {product} {ergonomic}
   size_t InitialHeapSize                          = 117440512                                 {product} {ergonomic}
   size_t MarkStackSize                            = 4194304                                   {product} {ergonomic}
   size_t MaxHeapSize                              = 1862270976                                {product} {ergonomic}
   size_t MaxNewSize                               = 1116733440                                {product} {ergonomic}
   size_t MinHeapDeltaBytes                        = 1048576                                   {product} {ergonomic}
   size_t MinHeapSize                              = 8388608                                   {product} {ergonomic}
    uintx NonNMethodCodeHeapSize                   = 5839372                                {pd product} {ergonomic}
    uintx NonProfiledCodeHeapSize                  = 122909434                              {pd product} {ergonomic}
    uintx ProfiledCodeHeapSize                     = 122909434                              {pd product} {ergonomic}
    uintx ReservedCodeCacheSize                    = 251658240                              {pd product} {ergonomic}
     bool SegmentedCodeCache                       = true                                      {product} {ergonomic}
     bool ShowCodeDetailsInExceptionMessages       = true                                   {manageable} {command line}
   size_t SoftMaxHeapSize                          = 1862270976                             {manageable} {ergonomic}
     bool UseCompressedClassPointers               = true                                 {lp64_product} {ergonomic}
     bool UseCompressedOops                        = true                                 {lp64_product} {ergonomic}
     bool UseG1GC                                  = true                                      {product} {ergonomic}
     bool UseLargePagesIndividualAllocation        = false                                  {pd product} {ergonomic}

Logging:
Log output configuration:
 #0: stdout all=warning uptime,level,tags
 #1: stderr all=off uptime,level,tags

Environment Variables:
PATH=C:/Program Files/Java/jdk-15.0.1/bin/server;C:/Program Files/Java/jdk-15.0.1/bin;C:\Program Files\Common Files\Oracle\Java\javapath;C:\WINDOWS\system32;C:\WINDOWS;C:\WINDOWS\System32\Wbem;C:\WINDOWS\System32\WindowsPowerShell\v1.0\;C:\WINDOWS\System32\OpenSSH\;D:\logiciels INFO\Git\cmd;"C:\Users\modby\AppData\Local\Microsoft\WindowsApps;C:\MinGW\bin";;C:\Users\modby\OneDrive\Bureau;
USERNAME=modby
OS=Windows_NT
PROCESSOR_IDENTIFIER=AMD64 Family 23 Model 24 Stepping 1, AuthenticAMD



---------------  S Y S T E M  ---------------

OS:
 Windows 10 , 64 bit Build 19041 (10.0.19041.546)
OS uptime: 33 days 23:07 hours

CPU: total 8 (initial active 8) (8 cores per cpu, 2 threads per core) family 23 model 24 stepping 1 microcode 0x0, cmov, cx8, fxsr, mmx, sse, sse2, sse3, ssse3, sse4.1, sse4.2, popcnt, vzeroupper, avx, avx2, aes, clmul, 3dnowpref, lzcnt, sse4a, ht, tsc, tscinvbit, tscinv, bmi1, bmi2, adx, sha, fma, clflush, clflushopt

Memory: 4k page, system-wide physical 7103M (788M free)
TotalPageFile size 17343M (AvailPageFile size 5M)
current process WorkingSet (physical memory assigned to process): 155M, peak: 155M
current process commit charge ("private bytes"): 305M, peak: 306M

vm_info: Java HotSpot(TM) 64-Bit Server VM (15.0.1+9-18) for windows-amd64 JRE (15.0.1+9-18), built on Sep 15 2020 14:43:54 by "mach5one" with unknown MS VC++:1925

END.
